content-type: "text/html; charset=UTF-8"
referrer-policy: "no-referrer"
content-length: "286"
date: "Thu, 27 Feb 2025 04:46:46 GMT"
Token: BQBPuOqE5TShPU62yp1xxAxk_fVe1368QdATVdhd0F6fXqXPNjWrzDuxrhObn9BIX9En_HwI-TruGWnrMZrF8Ugck6h_IN77w6J_nmcwofZ7KrLfMcsBkjvMyXdipq8J0J53ldMw2sMgJB8PSJNY0ZRzav0I7uozlVoeCeVlLIQzzeHL0MuFfZlMq0o8ov-omIApuo6-mzgHfl97YxPrqu3fomXRz6aM
Token: BQBPuOqE5TShPU62yp1xxAxk_fVe1368QdATVdhd0F6fXqXPNjWrzDuxrhObn9BIX9En_HwI-TruGWnrMZrF8Ugck6h_IN77w6J_nmcwofZ7KrLfMcsBkjvMyXdipq8J0J53ldMw2sMgJB8PSJNY0ZRzav0I7uozlVoeCeVlLIQzzeHL0MuFfZlMq0o8ov-omIApuo6-mzgHfl97YxPrqu3fomXRz6aM
Token: BQBPuOqE5TShPU62yp1xxAxk_fVe1368QdATVdhd0F6fXqXPNjWrzDuxrhObn9BIX9En_HwI-TruGWnrMZrF8Ugck6h_IN77w6J_nmcwofZ7KrLfMcsBkjvMyXdipq8J0J53ldMw2sMgJB8PSJNY0ZRzav0I7uozlVoeCeVlLIQzzeHL0MuFfZlMq0o8ov-omIApuo6-mzgHfl97YxPrqu3fomXRz6aM
Token: BQARbJCBq4Fs2D2I4HUJ14fll0ebTKGQOpfUmJuHlFlM0yfO40nFrpC4WVxhgOcv--0kXHK1wVHWiyfPP09-yRrpNBZNgMlOrMyaLpnf8VYHQJKGA1wGHQ3u5SID2_L2c3IxspsnxiSZqFMhhUhUazrUtXRf7meS016INRVj1EMvz2WCrtg7KNxk1Jhrm_X5eYnSt5PS0DdsNP-sO5-D2WaPB2Vq
Token: BQARbJCBq4Fs2D2I4HUJ14fll0ebTKGQOpfUmJuHlFlM0yfO40nFrpC4WVxhgOcv--0kXHK1wVHWiyfPP09-yRrpNBZNgMlOrMyaLpnf8VYHQJKGA1wGHQ3u5SID2_L2c3IxspsnxiSZqFMhhUhUazrUtXRf7meS016INRVj1EMvz2WCrtg7KNxk1Jhrm_X5eYnSt5PS0DdsNP-sO5-D2WaPB2Vq
content-type: "text/html; charset=UTF-8"
referrer-policy: "no-referrer"
content-length: "286"
date: "Thu, 27 Feb 2025 04:51:04 GMT"
Token: BQARbJCBq4Fs2D2I4HUJ14fll0ebTKGQOpfUmJuHlFlM0yfO40nFrpC4WVxhgOcv--0kXHK1wVHWiyfPP09-yRrpNBZNgMlOrMyaLpnf8VYHQJKGA1wGHQ3u5SID2_L2c3IxspsnxiSZqFMhhUhUazrUtXRf7meS016INRVj1EMvz2WCrtg7KNxk1Jhrm_X5eYnSt5PS0DdsNP-sO5-D2WaPB2Vq
Token: BQARbJCBq4Fs2D2I4HUJ14fll0ebTKGQOpfUmJuHlFlM0yfO40nFrpC4WVxhgOcv--0kXHK1wVHWiyfPP09-yRrpNBZNgMlOrMyaLpnf8VYHQJKGA1wGHQ3u5SID2_L2c3IxspsnxiSZqFMhhUhUazrUtXRf7meS016INRVj1EMvz2WCrtg7KNxk1Jhrm_X5eYnSt5PS0DdsNP-sO5-D2WaPB2Vq
Token: BQARbJCBq4Fs2D2I4HUJ14fll0ebTKGQOpfUmJuHlFlM0yfO40nFrpC4WVxhgOcv--0kXHK1wVHWiyfPP09-yRrpNBZNgMlOrMyaLpnf8VYHQJKGA1wGHQ3u5SID2_L2c3IxspsnxiSZqFMhhUhUazrUtXRf7meS016INRVj1EMvz2WCrtg7KNxk1Jhrm_X5eYnSt5PS0DdsNP-sO5-D2WaPB2Vq
Token: BQARbJCBq4Fs2D2I4HUJ14fll0ebTKGQOpfUmJuHlFlM0yfO40nFrpC4WVxhgOcv--0kXHK1wVHWiyfPP09-yRrpNBZNgMlOrMyaLpnf8VYHQJKGA1wGHQ3u5SID2_L2c3IxspsnxiSZqFMhhUhUazrUtXRf7meS016INRVj1EMvz2WCrtg7KNxk1Jhrm_X5eYnSt5PS0DdsNP-sO5-D2WaPB2Vq
Token: BQARbJCBq4Fs2D2I4HUJ14fll0ebTKGQOpfUmJuHlFlM0yfO40nFrpC4WVxhgOcv--0kXHK1wVHWiyfPP09-yRrpNBZNgMlOrMyaLpnf8VYHQJKGA1wGHQ3u5SID2_L2c3IxspsnxiSZqFMhhUhUazrUtXRf7meS016INRVj1EMvz2WCrtg7KNxk1Jhrm_X5eYnSt5PS0DdsNP-sO5-D2WaPB2Vq
Token: BQARbJCBq4Fs2D2I4HUJ14fll0ebTKGQOpfUmJuHlFlM0yfO40nFrpC4WVxhgOcv--0kXHK1wVHWiyfPP09-yRrpNBZNgMlOrMyaLpnf8VYHQJKGA1wGHQ3u5SID2_L2c3IxspsnxiSZqFMhhUhUazrUtXRf7meS016INRVj1EMvz2WCrtg7KNxk1Jhrm_X5eYnSt5PS0DdsNP-sO5-D2WaPB2Vq
Token: BQARbJCBq4Fs2D2I4HUJ14fll0ebTKGQOpfUmJuHlFlM0yfO40nFrpC4WVxhgOcv--0kXHK1wVHWiyfPP09-yRrpNBZNgMlOrMyaLpnf8VYHQJKGA1wGHQ3u5SID2_L2c3IxspsnxiSZqFMhhUhUazrUtXRf7meS016INRVj1EMvz2WCrtg7KNxk1Jhrm_X5eYnSt5PS0DdsNP-sO5-D2WaPB2Vq
Token: BQARbJCBq4Fs2D2I4HUJ14fll0ebTKGQOpfUmJuHlFlM0yfO40nFrpC4WVxhgOcv--0kXHK1wVHWiyfPP09-yRrpNBZNgMlOrMyaLpnf8VYHQJKGA1wGHQ3u5SID2_L2c3IxspsnxiSZqFMhhUhUazrUtXRf7meS016INRVj1EMvz2WCrtg7KNxk1Jhrm_X5eYnSt5PS0DdsNP-sO5-D2WaPB2Vq
Token: BQARbJCBq4Fs2D2I4HUJ14fll0ebTKGQOpfUmJuHlFlM0yfO40nFrpC4WVxhgOcv--0kXHK1wVHWiyfPP09-yRrpNBZNgMlOrMyaLpnf8VYHQJKGA1wGHQ3u5SID2_L2c3IxspsnxiSZqFMhhUhUazrUtXRf7meS016INRVj1EMvz2WCrtg7KNxk1Jhrm_X5eYnSt5PS0DdsNP-sO5-D2WaPB2Vq
content-type: "text/html; charset=UTF-8"
referrer-policy: "no-referrer"
content-length: "286"
date: "Thu, 27 Feb 2025 04:51:48 GMT"
Token: BQARbJCBq4Fs2D2I4HUJ14fll0ebTKGQOpfUmJuHlFlM0yfO40nFrpC4WVxhgOcv--0kXHK1wVHWiyfPP09-yRrpNBZNgMlOrMyaLpnf8VYHQJKGA1wGHQ3u5SID2_L2c3IxspsnxiSZqFMhhUhUazrUtXRf7meS016INRVj1EMvz2WCrtg7KNxk1Jhrm_X5eYnSt5PS0DdsNP-sO5-D2WaPB2Vq
content-type: "text/html; charset=UTF-8"
referrer-policy: "no-referrer"
content-length: "286"
date: "Thu, 27 Feb 2025 04:51:52 GMT"
Token: BQARbJCBq4Fs2D2I4HUJ14fll0ebTKGQOpfUmJuHlFlM0yfO40nFrpC4WVxhgOcv--0kXHK1wVHWiyfPP09-yRrpNBZNgMlOrMyaLpnf8VYHQJKGA1wGHQ3u5SID2_L2c3IxspsnxiSZqFMhhUhUazrUtXRf7meS016INRVj1EMvz2WCrtg7KNxk1Jhrm_X5eYnSt5PS0DdsNP-sO5-D2WaPB2Vq
Token: BQARbJCBq4Fs2D2I4HUJ14fll0ebTKGQOpfUmJuHlFlM0yfO40nFrpC4WVxhgOcv--0kXHK1wVHWiyfPP09-yRrpNBZNgMlOrMyaLpnf8VYHQJKGA1wGHQ3u5SID2_L2c3IxspsnxiSZqFMhhUhUazrUtXRf7meS016INRVj1EMvz2WCrtg7KNxk1Jhrm_X5eYnSt5PS0DdsNP-sO5-D2WaPB2Vq
Token: BQARbJCBq4Fs2D2I4HUJ14fll0ebTKGQOpfUmJuHlFlM0yfO40nFrpC4WVxhgOcv--0kXHK1wVHWiyfPP09-yRrpNBZNgMlOrMyaLpnf8VYHQJKGA1wGHQ3u5SID2_L2c3IxspsnxiSZqFMhhUhUazrUtXRf7meS016INRVj1EMvz2WCrtg7KNxk1Jhrm_X5eYnSt5PS0DdsNP-sO5-D2WaPB2Vq
Token: BQARbJCBq4Fs2D2I4HUJ14fll0ebTKGQOpfUmJuHlFlM0yfO40nFrpC4WVxhgOcv--0kXHK1wVHWiyfPP09-yRrpNBZNgMlOrMyaLpnf8VYHQJKGA1wGHQ3u5SID2_L2c3IxspsnxiSZqFMhhUhUazrUtXRf7meS016INRVj1EMvz2WCrtg7KNxk1Jhrm_X5eYnSt5PS0DdsNP-sO5-D2WaPB2Vq
Token: BQARbJCBq4Fs2D2I4HUJ14fll0ebTKGQOpfUmJuHlFlM0yfO40nFrpC4WVxhgOcv--0kXHK1wVHWiyfPP09-yRrpNBZNgMlOrMyaLpnf8VYHQJKGA1wGHQ3u5SID2_L2c3IxspsnxiSZqFMhhUhUazrUtXRf7meS016INRVj1EMvz2WCrtg7KNxk1Jhrm_X5eYnSt5PS0DdsNP-sO5-D2WaPB2Vq
Token: BQARbJCBq4Fs2D2I4HUJ14fll0ebTKGQOpfUmJuHlFlM0yfO40nFrpC4WVxhgOcv--0kXHK1wVHWiyfPP09-yRrpNBZNgMlOrMyaLpnf8VYHQJKGA1wGHQ3u5SID2_L2c3IxspsnxiSZqFMhhUhUazrUtXRf7meS016INRVj1EMvz2WCrtg7KNxk1Jhrm_X5eYnSt5PS0DdsNP-sO5-D2WaPB2Vq
Token: BQARbJCBq4Fs2D2I4HUJ14fll0ebTKGQOpfUmJuHlFlM0yfO40nFrpC4WVxhgOcv--0kXHK1wVHWiyfPP09-yRrpNBZNgMlOrMyaLpnf8VYHQJKGA1wGHQ3u5SID2_L2c3IxspsnxiSZqFMhhUhUazrUtXRf7meS016INRVj1EMvz2WCrtg7KNxk1Jhrm_X5eYnSt5PS0DdsNP-sO5-D2WaPB2Vq
Token: BQARbJCBq4Fs2D2I4HUJ14fll0ebTKGQOpfUmJuHlFlM0yfO40nFrpC4WVxhgOcv--0kXHK1wVHWiyfPP09-yRrpNBZNgMlOrMyaLpnf8VYHQJKGA1wGHQ3u5SID2_L2c3IxspsnxiSZqFMhhUhUazrUtXRf7meS016INRVj1EMvz2WCrtg7KNxk1Jhrm_X5eYnSt5PS0DdsNP-sO5-D2WaPB2Vq
Token: BQARbJCBq4Fs2D2I4HUJ14fll0ebTKGQOpfUmJuHlFlM0yfO40nFrpC4WVxhgOcv--0kXHK1wVHWiyfPP09-yRrpNBZNgMlOrMyaLpnf8VYHQJKGA1wGHQ3u5SID2_L2c3IxspsnxiSZqFMhhUhUazrUtXRf7meS016INRVj1EMvz2WCrtg7KNxk1Jhrm_X5eYnSt5PS0DdsNP-sO5-D2WaPB2Vq
Token: BQARbJCBq4Fs2D2I4HUJ14fll0ebTKGQOpfUmJuHlFlM0yfO40nFrpC4WVxhgOcv--0kXHK1wVHWiyfPP09-yRrpNBZNgMlOrMyaLpnf8VYHQJKGA1wGHQ3u5SID2_L2c3IxspsnxiSZqFMhhUhUazrUtXRf7meS016INRVj1EMvz2WCrtg7KNxk1Jhrm_X5eYnSt5PS0DdsNP-sO5-D2WaPB2Vq
Token: BQARbJCBq4Fs2D2I4HUJ14fll0ebTKGQOpfUmJuHlFlM0yfO40nFrpC4WVxhgOcv--0kXHK1wVHWiyfPP09-yRrpNBZNgMlOrMyaLpnf8VYHQJKGA1wGHQ3u5SID2_L2c3IxspsnxiSZqFMhhUhUazrUtXRf7meS016INRVj1EMvz2WCrtg7KNxk1Jhrm_X5eYnSt5PS0DdsNP-sO5-D2WaPB2Vq
Token: BQARbJCBq4Fs2D2I4HUJ14fll0ebTKGQOpfUmJuHlFlM0yfO40nFrpC4WVxhgOcv--0kXHK1wVHWiyfPP09-yRrpNBZNgMlOrMyaLpnf8VYHQJKGA1wGHQ3u5SID2_L2c3IxspsnxiSZqFMhhUhUazrUtXRf7meS016INRVj1EMvz2WCrtg7KNxk1Jhrm_X5eYnSt5PS0DdsNP-sO5-D2WaPB2Vq
Token: BQARbJCBq4Fs2D2I4HUJ14fll0ebTKGQOpfUmJuHlFlM0yfO40nFrpC4WVxhgOcv--0kXHK1wVHWiyfPP09-yRrpNBZNgMlOrMyaLpnf8VYHQJKGA1wGHQ3u5SID2_L2c3IxspsnxiSZqFMhhUhUazrUtXRf7meS016INRVj1EMvz2WCrtg7KNxk1Jhrm_X5eYnSt5PS0DdsNP-sO5-D2WaPB2Vq
Token: BQARbJCBq4Fs2D2I4HUJ14fll0ebTKGQOpfUmJuHlFlM0yfO40nFrpC4WVxhgOcv--0kXHK1wVHWiyfPP09-yRrpNBZNgMlOrMyaLpnf8VYHQJKGA1wGHQ3u5SID2_L2c3IxspsnxiSZqFMhhUhUazrUtXRf7meS016INRVj1EMvz2WCrtg7KNxk1Jhrm_X5eYnSt5PS0DdsNP-sO5-D2WaPB2Vq
Token: BQARbJCBq4Fs2D2I4HUJ14fll0ebTKGQOpfUmJuHlFlM0yfO40nFrpC4WVxhgOcv--0kXHK1wVHWiyfPP09-yRrpNBZNgMlOrMyaLpnf8VYHQJKGA1wGHQ3u5SID2_L2c3IxspsnxiSZqFMhhUhUazrUtXRf7meS016INRVj1EMvz2WCrtg7KNxk1Jhrm_X5eYnSt5PS0DdsNP-sO5-D2WaPB2Vq
Token: BQARbJCBq4Fs2D2I4HUJ14fll0ebTKGQOpfUmJuHlFlM0yfO40nFrpC4WVxhgOcv--0kXHK1wVHWiyfPP09-yRrpNBZNgMlOrMyaLpnf8VYHQJKGA1wGHQ3u5SID2_L2c3IxspsnxiSZqFMhhUhUazrUtXRf7meS016INRVj1EMvz2WCrtg7KNxk1Jhrm_X5eYnSt5PS0DdsNP-sO5-D2WaPB2Vq
Token: BQARbJCBq4Fs2D2I4HUJ14fll0ebTKGQOpfUmJuHlFlM0yfO40nFrpC4WVxhgOcv--0kXHK1wVHWiyfPP09-yRrpNBZNgMlOrMyaLpnf8VYHQJKGA1wGHQ3u5SID2_L2c3IxspsnxiSZqFMhhUhUazrUtXRf7meS016INRVj1EMvz2WCrtg7KNxk1Jhrm_X5eYnSt5PS0DdsNP-sO5-D2WaPB2Vq
Token: BQARbJCBq4Fs2D2I4HUJ14fll0ebTKGQOpfUmJuHlFlM0yfO40nFrpC4WVxhgOcv--0kXHK1wVHWiyfPP09-yRrpNBZNgMlOrMyaLpnf8VYHQJKGA1wGHQ3u5SID2_L2c3IxspsnxiSZqFMhhUhUazrUtXRf7meS016INRVj1EMvz2WCrtg7KNxk1Jhrm_X5eYnSt5PS0DdsNP-sO5-D2WaPB2Vq
Token: BQARbJCBq4Fs2D2I4HUJ14fll0ebTKGQOpfUmJuHlFlM0yfO40nFrpC4WVxhgOcv--0kXHK1wVHWiyfPP09-yRrpNBZNgMlOrMyaLpnf8VYHQJKGA1wGHQ3u5SID2_L2c3IxspsnxiSZqFMhhUhUazrUtXRf7meS016INRVj1EMvz2WCrtg7KNxk1Jhrm_X5eYnSt5PS0DdsNP-sO5-D2WaPB2Vq
Token: BQARbJCBq4Fs2D2I4HUJ14fll0ebTKGQOpfUmJuHlFlM0yfO40nFrpC4WVxhgOcv--0kXHK1wVHWiyfPP09-yRrpNBZNgMlOrMyaLpnf8VYHQJKGA1wGHQ3u5SID2_L2c3IxspsnxiSZqFMhhUhUazrUtXRf7meS016INRVj1EMvz2WCrtg7KNxk1Jhrm_X5eYnSt5PS0DdsNP-sO5-D2WaPB2Vq
Token: BQARbJCBq4Fs2D2I4HUJ14fll0ebTKGQOpfUmJuHlFlM0yfO40nFrpC4WVxhgOcv--0kXHK1wVHWiyfPP09-yRrpNBZNgMlOrMyaLpnf8VYHQJKGA1wGHQ3u5SID2_L2c3IxspsnxiSZqFMhhUhUazrUtXRf7meS016INRVj1EMvz2WCrtg7KNxk1Jhrm_X5eYnSt5PS0DdsNP-sO5-D2WaPB2Vq
Token: BQARbJCBq4Fs2D2I4HUJ14fll0ebTKGQOpfUmJuHlFlM0yfO40nFrpC4WVxhgOcv--0kXHK1wVHWiyfPP09-yRrpNBZNgMlOrMyaLpnf8VYHQJKGA1wGHQ3u5SID2_L2c3IxspsnxiSZqFMhhUhUazrUtXRf7meS016INRVj1EMvz2WCrtg7KNxk1Jhrm_X5eYnSt5PS0DdsNP-sO5-D2WaPB2Vq
Token: BQARbJCBq4Fs2D2I4HUJ14fll0ebTKGQOpfUmJuHlFlM0yfO40nFrpC4WVxhgOcv--0kXHK1wVHWiyfPP09-yRrpNBZNgMlOrMyaLpnf8VYHQJKGA1wGHQ3u5SID2_L2c3IxspsnxiSZqFMhhUhUazrUtXRf7meS016INRVj1EMvz2WCrtg7KNxk1Jhrm_X5eYnSt5PS0DdsNP-sO5-D2WaPB2Vq
Token: BQARbJCBq4Fs2D2I4HUJ14fll0ebTKGQOpfUmJuHlFlM0yfO40nFrpC4WVxhgOcv--0kXHK1wVHWiyfPP09-yRrpNBZNgMlOrMyaLpnf8VYHQJKGA1wGHQ3u5SID2_L2c3IxspsnxiSZqFMhhUhUazrUtXRf7meS016INRVj1EMvz2WCrtg7KNxk1Jhrm_X5eYnSt5PS0DdsNP-sO5-D2WaPB2Vq
Token: BQARbJCBq4Fs2D2I4HUJ14fll0ebTKGQOpfUmJuHlFlM0yfO40nFrpC4WVxhgOcv--0kXHK1wVHWiyfPP09-yRrpNBZNgMlOrMyaLpnf8VYHQJKGA1wGHQ3u5SID2_L2c3IxspsnxiSZqFMhhUhUazrUtXRf7meS016INRVj1EMvz2WCrtg7KNxk1Jhrm_X5eYnSt5PS0DdsNP-sO5-D2WaPB2Vq
Token: BQARbJCBq4Fs2D2I4HUJ14fll0ebTKGQOpfUmJuHlFlM0yfO40nFrpC4WVxhgOcv--0kXHK1wVHWiyfPP09-yRrpNBZNgMlOrMyaLpnf8VYHQJKGA1wGHQ3u5SID2_L2c3IxspsnxiSZqFMhhUhUazrUtXRf7meS016INRVj1EMvz2WCrtg7KNxk1Jhrm_X5eYnSt5PS0DdsNP-sO5-D2WaPB2Vq
Token: BQARbJCBq4Fs2D2I4HUJ14fll0ebTKGQOpfUmJuHlFlM0yfO40nFrpC4WVxhgOcv--0kXHK1wVHWiyfPP09-yRrpNBZNgMlOrMyaLpnf8VYHQJKGA1wGHQ3u5SID2_L2c3IxspsnxiSZqFMhhUhUazrUtXRf7meS016INRVj1EMvz2WCrtg7KNxk1Jhrm_X5eYnSt5PS0DdsNP-sO5-D2WaPB2Vq
Token: BQARbJCBq4Fs2D2I4HUJ14fll0ebTKGQOpfUmJuHlFlM0yfO40nFrpC4WVxhgOcv--0kXHK1wVHWiyfPP09-yRrpNBZNgMlOrMyaLpnf8VYHQJKGA1wGHQ3u5SID2_L2c3IxspsnxiSZqFMhhUhUazrUtXRf7meS016INRVj1EMvz2WCrtg7KNxk1Jhrm_X5eYnSt5PS0DdsNP-sO5-D2WaPB2Vq
Token: BQARbJCBq4Fs2D2I4HUJ14fll0ebTKGQOpfUmJuHlFlM0yfO40nFrpC4WVxhgOcv--0kXHK1wVHWiyfPP09-yRrpNBZNgMlOrMyaLpnf8VYHQJKGA1wGHQ3u5SID2_L2c3IxspsnxiSZqFMhhUhUazrUtXRf7meS016INRVj1EMvz2WCrtg7KNxk1Jhrm_X5eYnSt5PS0DdsNP-sO5-D2WaPB2Vq
Token: BQARbJCBq4Fs2D2I4HUJ14fll0ebTKGQOpfUmJuHlFlM0yfO40nFrpC4WVxhgOcv--0kXHK1wVHWiyfPP09-yRrpNBZNgMlOrMyaLpnf8VYHQJKGA1wGHQ3u5SID2_L2c3IxspsnxiSZqFMhhUhUazrUtXRf7meS016INRVj1EMvz2WCrtg7KNxk1Jhrm_X5eYnSt5PS0DdsNP-sO5-D2WaPB2Vq
Token: BQARbJCBq4Fs2D2I4HUJ14fll0ebTKGQOpfUmJuHlFlM0yfO40nFrpC4WVxhgOcv--0kXHK1wVHWiyfPP09-yRrpNBZNgMlOrMyaLpnf8VYHQJKGA1wGHQ3u5SID2_L2c3IxspsnxiSZqFMhhUhUazrUtXRf7meS016INRVj1EMvz2WCrtg7KNxk1Jhrm_X5eYnSt5PS0DdsNP-sO5-D2WaPB2Vq
Token: BQARbJCBq4Fs2D2I4HUJ14fll0ebTKGQOpfUmJuHlFlM0yfO40nFrpC4WVxhgOcv--0kXHK1wVHWiyfPP09-yRrpNBZNgMlOrMyaLpnf8VYHQJKGA1wGHQ3u5SID2_L2c3IxspsnxiSZqFMhhUhUazrUtXRf7meS016INRVj1EMvz2WCrtg7KNxk1Jhrm_X5eYnSt5PS0DdsNP-sO5-D2WaPB2Vq
Token: BQCgYDqFe0PJuaPQzdjYd5-npHgHuwvUxDw3OmAnjvqG94AJ9sY4ZFuDPKbfnYnBFFq3XBFKSlj6t8DQIMkR-n6C-OMW7P_kQszbVW88VWjF2kyq39bqIF5DatUcAbeUe9SSCbC9R3vxFTb5PzaTbZD7KkrRxpWuvCUwLNx71-XLCWntaqhFCZ3fGb-aD1vwwgp9REcdcJR2ALNn_cqfRJJGglOuWK-OMw
cache-control: "private, max-age=0"
x-robots-tag: "noindex, nofollow"
access-control-allow-origin: "*"
access-control-allow-headers: "Accept, App-Platform, Authorization, Content-Type, Origin, Retry-After, Spotify-App-Version, X-Cloud-Trace-Context, client-token, content-access-token"
access-control-allow-methods: "GET, POST, OPTIONS, PUT, DELETE, PATCH"
access-control-allow-credentials: "true"
access-control-max-age: "604800"
content-length: "27"
strict-transport-security: "max-age=31536000"
x-content-type-options: "nosniff"
date: "Thu, 27 Feb 2025 04:54:41 GMT"
server: "envoy"
via: "HTTP/2 edgeproxy, 1.1 google"
alt-svc: "h3=\":443\"; ma=2592000,h3-29=\":443\"; ma=2592000"
Token: BQCgYDqFe0PJuaPQzdjYd5-npHgHuwvUxDw3OmAnjvqG94AJ9sY4ZFuDPKbfnYnBFFq3XBFKSlj6t8DQIMkR-n6C-OMW7P_kQszbVW88VWjF2kyq39bqIF5DatUcAbeUe9SSCbC9R3vxFTb5PzaTbZD7KkrRxpWuvCUwLNx71-XLCWntaqhFCZ3fGb-aD1vwwgp9REcdcJR2ALNn_cqfRJJGglOuWK-OMw
Token: BQCgYDqFe0PJuaPQzdjYd5-npHgHuwvUxDw3OmAnjvqG94AJ9sY4ZFuDPKbfnYnBFFq3XBFKSlj6t8DQIMkR-n6C-OMW7P_kQszbVW88VWjF2kyq39bqIF5DatUcAbeUe9SSCbC9R3vxFTb5PzaTbZD7KkrRxpWuvCUwLNx71-XLCWntaqhFCZ3fGb-aD1vwwgp9REcdcJR2ALNn_cqfRJJGglOuWK-OMw
Token: BQCgYDqFe0PJuaPQzdjYd5-npHgHuwvUxDw3OmAnjvqG94AJ9sY4ZFuDPKbfnYnBFFq3XBFKSlj6t8DQIMkR-n6C-OMW7P_kQszbVW88VWjF2kyq39bqIF5DatUcAbeUe9SSCbC9R3vxFTb5PzaTbZD7KkrRxpWuvCUwLNx71-XLCWntaqhFCZ3fGb-aD1vwwgp9REcdcJR2ALNn_cqfRJJGglOuWK-OMw
Token: BQCgYDqFe0PJuaPQzdjYd5-npHgHuwvUxDw3OmAnjvqG94AJ9sY4ZFuDPKbfnYnBFFq3XBFKSlj6t8DQIMkR-n6C-OMW7P_kQszbVW88VWjF2kyq39bqIF5DatUcAbeUe9SSCbC9R3vxFTb5PzaTbZD7KkrRxpWuvCUwLNx71-XLCWntaqhFCZ3fGb-aD1vwwgp9REcdcJR2ALNn_cqfRJJGglOuWK-OMw
Token: BQCgYDqFe0PJuaPQzdjYd5-npHgHuwvUxDw3OmAnjvqG94AJ9sY4ZFuDPKbfnYnBFFq3XBFKSlj6t8DQIMkR-n6C-OMW7P_kQszbVW88VWjF2kyq39bqIF5DatUcAbeUe9SSCbC9R3vxFTb5PzaTbZD7KkrRxpWuvCUwLNx71-XLCWntaqhFCZ3fGb-aD1vwwgp9REcdcJR2ALNn_cqfRJJGglOuWK-OMw
Token: BQCgYDqFe0PJuaPQzdjYd5-npHgHuwvUxDw3OmAnjvqG94AJ9sY4ZFuDPKbfnYnBFFq3XBFKSlj6t8DQIMkR-n6C-OMW7P_kQszbVW88VWjF2kyq39bqIF5DatUcAbeUe9SSCbC9R3vxFTb5PzaTbZD7KkrRxpWuvCUwLNx71-XLCWntaqhFCZ3fGb-aD1vwwgp9REcdcJR2ALNn_cqfRJJGglOuWK-OMw
Token: BQCgYDqFe0PJuaPQzdjYd5-npHgHuwvUxDw3OmAnjvqG94AJ9sY4ZFuDPKbfnYnBFFq3XBFKSlj6t8DQIMkR-n6C-OMW7P_kQszbVW88VWjF2kyq39bqIF5DatUcAbeUe9SSCbC9R3vxFTb5PzaTbZD7KkrRxpWuvCUwLNx71-XLCWntaqhFCZ3fGb-aD1vwwgp9REcdcJR2ALNn_cqfRJJGglOuWK-OMw
Token: BQCgYDqFe0PJuaPQzdjYd5-npHgHuwvUxDw3OmAnjvqG94AJ9sY4ZFuDPKbfnYnBFFq3XBFKSlj6t8DQIMkR-n6C-OMW7P_kQszbVW88VWjF2kyq39bqIF5DatUcAbeUe9SSCbC9R3vxFTb5PzaTbZD7KkrRxpWuvCUwLNx71-XLCWntaqhFCZ3fGb-aD1vwwgp9REcdcJR2ALNn_cqfRJJGglOuWK-OMw
Token: BQCgYDqFe0PJuaPQzdjYd5-npHgHuwvUxDw3OmAnjvqG94AJ9sY4ZFuDPKbfnYnBFFq3XBFKSlj6t8DQIMkR-n6C-OMW7P_kQszbVW88VWjF2kyq39bqIF5DatUcAbeUe9SSCbC9R3vxFTb5PzaTbZD7KkrRxpWuvCUwLNx71-XLCWntaqhFCZ3fGb-aD1vwwgp9REcdcJR2ALNn_cqfRJJGglOuWK-OMw
Token: BQCgYDqFe0PJuaPQzdjYd5-npHgHuwvUxDw3OmAnjvqG94AJ9sY4ZFuDPKbfnYnBFFq3XBFKSlj6t8DQIMkR-n6C-OMW7P_kQszbVW88VWjF2kyq39bqIF5DatUcAbeUe9SSCbC9R3vxFTb5PzaTbZD7KkrRxpWuvCUwLNx71-XLCWntaqhFCZ3fGb-aD1vwwgp9REcdcJR2ALNn_cqfRJJGglOuWK-OMw
Token: BQCgYDqFe0PJuaPQzdjYd5-npHgHuwvUxDw3OmAnjvqG94AJ9sY4ZFuDPKbfnYnBFFq3XBFKSlj6t8DQIMkR-n6C-OMW7P_kQszbVW88VWjF2kyq39bqIF5DatUcAbeUe9SSCbC9R3vxFTb5PzaTbZD7KkrRxpWuvCUwLNx71-XLCWntaqhFCZ3fGb-aD1vwwgp9REcdcJR2ALNn_cqfRJJGglOuWK-OMw
Token: BQCgYDqFe0PJuaPQzdjYd5-npHgHuwvUxDw3OmAnjvqG94AJ9sY4ZFuDPKbfnYnBFFq3XBFKSlj6t8DQIMkR-n6C-OMW7P_kQszbVW88VWjF2kyq39bqIF5DatUcAbeUe9SSCbC9R3vxFTb5PzaTbZD7KkrRxpWuvCUwLNx71-XLCWntaqhFCZ3fGb-aD1vwwgp9REcdcJR2ALNn_cqfRJJGglOuWK-OMw
Token: BQCgYDqFe0PJuaPQzdjYd5-npHgHuwvUxDw3OmAnjvqG94AJ9sY4ZFuDPKbfnYnBFFq3XBFKSlj6t8DQIMkR-n6C-OMW7P_kQszbVW88VWjF2kyq39bqIF5DatUcAbeUe9SSCbC9R3vxFTb5PzaTbZD7KkrRxpWuvCUwLNx71-XLCWntaqhFCZ3fGb-aD1vwwgp9REcdcJR2ALNn_cqfRJJGglOuWK-OMw
Token: BQC6nQfkQRXMu8-463cGYIkGtIfghyKtem3we811LY1mkntnX5wM0WcPfWfsbGOnB3PX82jKgESDCNVEbApiS1zVwGGIEBFDqxUj8LuPYhIfgvN69IUGqjOPgboh5WVEPFDQaLaVAgRixYWUn_yHsOmeMWSHC9Dr2jyiiQdf1dOurf_4oO4_7qREjsrvRXw8KJo7klszYjMqCjb-F5OrrJlBTzNgoNNQMg
Token: BQC6nQfkQRXMu8-463cGYIkGtIfghyKtem3we811LY1mkntnX5wM0WcPfWfsbGOnB3PX82jKgESDCNVEbApiS1zVwGGIEBFDqxUj8LuPYhIfgvN69IUGqjOPgboh5WVEPFDQaLaVAgRixYWUn_yHsOmeMWSHC9Dr2jyiiQdf1dOurf_4oO4_7qREjsrvRXw8KJo7klszYjMqCjb-F5OrrJlBTzNgoNNQMg
Token: BQC6nQfkQRXMu8-463cGYIkGtIfghyKtem3we811LY1mkntnX5wM0WcPfWfsbGOnB3PX82jKgESDCNVEbApiS1zVwGGIEBFDqxUj8LuPYhIfgvN69IUGqjOPgboh5WVEPFDQaLaVAgRixYWUn_yHsOmeMWSHC9Dr2jyiiQdf1dOurf_4oO4_7qREjsrvRXw8KJo7klszYjMqCjb-F5OrrJlBTzNgoNNQMg
Token: BQC6nQfkQRXMu8-463cGYIkGtIfghyKtem3we811LY1mkntnX5wM0WcPfWfsbGOnB3PX82jKgESDCNVEbApiS1zVwGGIEBFDqxUj8LuPYhIfgvN69IUGqjOPgboh5WVEPFDQaLaVAgRixYWUn_yHsOmeMWSHC9Dr2jyiiQdf1dOurf_4oO4_7qREjsrvRXw8KJo7klszYjMqCjb-F5OrrJlBTzNgoNNQMg
Token: BQC6nQfkQRXMu8-463cGYIkGtIfghyKtem3we811LY1mkntnX5wM0WcPfWfsbGOnB3PX82jKgESDCNVEbApiS1zVwGGIEBFDqxUj8LuPYhIfgvN69IUGqjOPgboh5WVEPFDQaLaVAgRixYWUn_yHsOmeMWSHC9Dr2jyiiQdf1dOurf_4oO4_7qREjsrvRXw8KJo7klszYjMqCjb-F5OrrJlBTzNgoNNQMg
Token: BQC6nQfkQRXMu8-463cGYIkGtIfghyKtem3we811LY1mkntnX5wM0WcPfWfsbGOnB3PX82jKgESDCNVEbApiS1zVwGGIEBFDqxUj8LuPYhIfgvN69IUGqjOPgboh5WVEPFDQaLaVAgRixYWUn_yHsOmeMWSHC9Dr2jyiiQdf1dOurf_4oO4_7qREjsrvRXw8KJo7klszYjMqCjb-F5OrrJlBTzNgoNNQMg
Token: BQC6nQfkQRXMu8-463cGYIkGtIfghyKtem3we811LY1mkntnX5wM0WcPfWfsbGOnB3PX82jKgESDCNVEbApiS1zVwGGIEBFDqxUj8LuPYhIfgvN69IUGqjOPgboh5WVEPFDQaLaVAgRixYWUn_yHsOmeMWSHC9Dr2jyiiQdf1dOurf_4oO4_7qREjsrvRXw8KJo7klszYjMqCjb-F5OrrJlBTzNgoNNQMg
Token: BQC6nQfkQRXMu8-463cGYIkGtIfghyKtem3we811LY1mkntnX5wM0WcPfWfsbGOnB3PX82jKgESDCNVEbApiS1zVwGGIEBFDqxUj8LuPYhIfgvN69IUGqjOPgboh5WVEPFDQaLaVAgRixYWUn_yHsOmeMWSHC9Dr2jyiiQdf1dOurf_4oO4_7qREjsrvRXw8KJo7klszYjMqCjb-F5OrrJlBTzNgoNNQMg
Token: BQC6nQfkQRXMu8-463cGYIkGtIfghyKtem3we811LY1mkntnX5wM0WcPfWfsbGOnB3PX82jKgESDCNVEbApiS1zVwGGIEBFDqxUj8LuPYhIfgvN69IUGqjOPgboh5WVEPFDQaLaVAgRixYWUn_yHsOmeMWSHC9Dr2jyiiQdf1dOurf_4oO4_7qREjsrvRXw8KJo7klszYjMqCjb-F5OrrJlBTzNgoNNQMg
Token: BQC6nQfkQRXMu8-463cGYIkGtIfghyKtem3we811LY1mkntnX5wM0WcPfWfsbGOnB3PX82jKgESDCNVEbApiS1zVwGGIEBFDqxUj8LuPYhIfgvN69IUGqjOPgboh5WVEPFDQaLaVAgRixYWUn_yHsOmeMWSHC9Dr2jyiiQdf1dOurf_4oO4_7qREjsrvRXw8KJo7klszYjMqCjb-F5OrrJlBTzNgoNNQMg
Token: BQC6nQfkQRXMu8-463cGYIkGtIfghyKtem3we811LY1mkntnX5wM0WcPfWfsbGOnB3PX82jKgESDCNVEbApiS1zVwGGIEBFDqxUj8LuPYhIfgvN69IUGqjOPgboh5WVEPFDQaLaVAgRixYWUn_yHsOmeMWSHC9Dr2jyiiQdf1dOurf_4oO4_7qREjsrvRXw8KJo7klszYjMqCjb-F5OrrJlBTzNgoNNQMg
Token: BQC6nQfkQRXMu8-463cGYIkGtIfghyKtem3we811LY1mkntnX5wM0WcPfWfsbGOnB3PX82jKgESDCNVEbApiS1zVwGGIEBFDqxUj8LuPYhIfgvN69IUGqjOPgboh5WVEPFDQaLaVAgRixYWUn_yHsOmeMWSHC9Dr2jyiiQdf1dOurf_4oO4_7qREjsrvRXw8KJo7klszYjMqCjb-F5OrrJlBTzNgoNNQMg
Token: BQC6nQfkQRXMu8-463cGYIkGtIfghyKtem3we811LY1mkntnX5wM0WcPfWfsbGOnB3PX82jKgESDCNVEbApiS1zVwGGIEBFDqxUj8LuPYhIfgvN69IUGqjOPgboh5WVEPFDQaLaVAgRixYWUn_yHsOmeMWSHC9Dr2jyiiQdf1dOurf_4oO4_7qREjsrvRXw8KJo7klszYjMqCjb-F5OrrJlBTzNgoNNQMg
Token: BQC6nQfkQRXMu8-463cGYIkGtIfghyKtem3we811LY1mkntnX5wM0WcPfWfsbGOnB3PX82jKgESDCNVEbApiS1zVwGGIEBFDqxUj8LuPYhIfgvN69IUGqjOPgboh5WVEPFDQaLaVAgRixYWUn_yHsOmeMWSHC9Dr2jyiiQdf1dOurf_4oO4_7qREjsrvRXw8KJo7klszYjMqCjb-F5OrrJlBTzNgoNNQMg
Token: BQC6nQfkQRXMu8-463cGYIkGtIfghyKtem3we811LY1mkntnX5wM0WcPfWfsbGOnB3PX82jKgESDCNVEbApiS1zVwGGIEBFDqxUj8LuPYhIfgvN69IUGqjOPgboh5WVEPFDQaLaVAgRixYWUn_yHsOmeMWSHC9Dr2jyiiQdf1dOurf_4oO4_7qREjsrvRXw8KJo7klszYjMqCjb-F5OrrJlBTzNgoNNQMg
Token: BQC6nQfkQRXMu8-463cGYIkGtIfghyKtem3we811LY1mkntnX5wM0WcPfWfsbGOnB3PX82jKgESDCNVEbApiS1zVwGGIEBFDqxUj8LuPYhIfgvN69IUGqjOPgboh5WVEPFDQaLaVAgRixYWUn_yHsOmeMWSHC9Dr2jyiiQdf1dOurf_4oO4_7qREjsrvRXw8KJo7klszYjMqCjb-F5OrrJlBTzNgoNNQMg
Token: BQC6nQfkQRXMu8-463cGYIkGtIfghyKtem3we811LY1mkntnX5wM0WcPfWfsbGOnB3PX82jKgESDCNVEbApiS1zVwGGIEBFDqxUj8LuPYhIfgvN69IUGqjOPgboh5WVEPFDQaLaVAgRixYWUn_yHsOmeMWSHC9Dr2jyiiQdf1dOurf_4oO4_7qREjsrvRXw8KJo7klszYjMqCjb-F5OrrJlBTzNgoNNQMg
Token: BQC6nQfkQRXMu8-463cGYIkGtIfghyKtem3we811LY1mkntnX5wM0WcPfWfsbGOnB3PX82jKgESDCNVEbApiS1zVwGGIEBFDqxUj8LuPYhIfgvN69IUGqjOPgboh5WVEPFDQaLaVAgRixYWUn_yHsOmeMWSHC9Dr2jyiiQdf1dOurf_4oO4_7qREjsrvRXw8KJo7klszYjMqCjb-F5OrrJlBTzNgoNNQMg
Token: BQC6nQfkQRXMu8-463cGYIkGtIfghyKtem3we811LY1mkntnX5wM0WcPfWfsbGOnB3PX82jKgESDCNVEbApiS1zVwGGIEBFDqxUj8LuPYhIfgvN69IUGqjOPgboh5WVEPFDQaLaVAgRixYWUn_yHsOmeMWSHC9Dr2jyiiQdf1dOurf_4oO4_7qREjsrvRXw8KJo7klszYjMqCjb-F5OrrJlBTzNgoNNQMg
Token: BQC6nQfkQRXMu8-463cGYIkGtIfghyKtem3we811LY1mkntnX5wM0WcPfWfsbGOnB3PX82jKgESDCNVEbApiS1zVwGGIEBFDqxUj8LuPYhIfgvN69IUGqjOPgboh5WVEPFDQaLaVAgRixYWUn_yHsOmeMWSHC9Dr2jyiiQdf1dOurf_4oO4_7qREjsrvRXw8KJo7klszYjMqCjb-F5OrrJlBTzNgoNNQMg
Token: BQC6nQfkQRXMu8-463cGYIkGtIfghyKtem3we811LY1mkntnX5wM0WcPfWfsbGOnB3PX82jKgESDCNVEbApiS1zVwGGIEBFDqxUj8LuPYhIfgvN69IUGqjOPgboh5WVEPFDQaLaVAgRixYWUn_yHsOmeMWSHC9Dr2jyiiQdf1dOurf_4oO4_7qREjsrvRXw8KJo7klszYjMqCjb-F5OrrJlBTzNgoNNQMg
Token: BQC6nQfkQRXMu8-463cGYIkGtIfghyKtem3we811LY1mkntnX5wM0WcPfWfsbGOnB3PX82jKgESDCNVEbApiS1zVwGGIEBFDqxUj8LuPYhIfgvN69IUGqjOPgboh5WVEPFDQaLaVAgRixYWUn_yHsOmeMWSHC9Dr2jyiiQdf1dOurf_4oO4_7qREjsrvRXw8KJo7klszYjMqCjb-F5OrrJlBTzNgoNNQMg
Token: BQC6nQfkQRXMu8-463cGYIkGtIfghyKtem3we811LY1mkntnX5wM0WcPfWfsbGOnB3PX82jKgESDCNVEbApiS1zVwGGIEBFDqxUj8LuPYhIfgvN69IUGqjOPgboh5WVEPFDQaLaVAgRixYWUn_yHsOmeMWSHC9Dr2jyiiQdf1dOurf_4oO4_7qREjsrvRXw8KJo7klszYjMqCjb-F5OrrJlBTzNgoNNQMg
Token: BQC6nQfkQRXMu8-463cGYIkGtIfghyKtem3we811LY1mkntnX5wM0WcPfWfsbGOnB3PX82jKgESDCNVEbApiS1zVwGGIEBFDqxUj8LuPYhIfgvN69IUGqjOPgboh5WVEPFDQaLaVAgRixYWUn_yHsOmeMWSHC9Dr2jyiiQdf1dOurf_4oO4_7qREjsrvRXw8KJo7klszYjMqCjb-F5OrrJlBTzNgoNNQMg
Token: BQC6nQfkQRXMu8-463cGYIkGtIfghyKtem3we811LY1mkntnX5wM0WcPfWfsbGOnB3PX82jKgESDCNVEbApiS1zVwGGIEBFDqxUj8LuPYhIfgvN69IUGqjOPgboh5WVEPFDQaLaVAgRixYWUn_yHsOmeMWSHC9Dr2jyiiQdf1dOurf_4oO4_7qREjsrvRXw8KJo7klszYjMqCjb-F5OrrJlBTzNgoNNQMg
Token: BQC6nQfkQRXMu8-463cGYIkGtIfghyKtem3we811LY1mkntnX5wM0WcPfWfsbGOnB3PX82jKgESDCNVEbApiS1zVwGGIEBFDqxUj8LuPYhIfgvN69IUGqjOPgboh5WVEPFDQaLaVAgRixYWUn_yHsOmeMWSHC9Dr2jyiiQdf1dOurf_4oO4_7qREjsrvRXw8KJo7klszYjMqCjb-F5OrrJlBTzNgoNNQMg
Token: BQC6nQfkQRXMu8-463cGYIkGtIfghyKtem3we811LY1mkntnX5wM0WcPfWfsbGOnB3PX82jKgESDCNVEbApiS1zVwGGIEBFDqxUj8LuPYhIfgvN69IUGqjOPgboh5WVEPFDQaLaVAgRixYWUn_yHsOmeMWSHC9Dr2jyiiQdf1dOurf_4oO4_7qREjsrvRXw8KJo7klszYjMqCjb-F5OrrJlBTzNgoNNQMg
Token: BQC6nQfkQRXMu8-463cGYIkGtIfghyKtem3we811LY1mkntnX5wM0WcPfWfsbGOnB3PX82jKgESDCNVEbApiS1zVwGGIEBFDqxUj8LuPYhIfgvN69IUGqjOPgboh5WVEPFDQaLaVAgRixYWUn_yHsOmeMWSHC9Dr2jyiiQdf1dOurf_4oO4_7qREjsrvRXw8KJo7klszYjMqCjb-F5OrrJlBTzNgoNNQMg
Token: BQC6nQfkQRXMu8-463cGYIkGtIfghyKtem3we811LY1mkntnX5wM0WcPfWfsbGOnB3PX82jKgESDCNVEbApiS1zVwGGIEBFDqxUj8LuPYhIfgvN69IUGqjOPgboh5WVEPFDQaLaVAgRixYWUn_yHsOmeMWSHC9Dr2jyiiQdf1dOurf_4oO4_7qREjsrvRXw8KJo7klszYjMqCjb-F5OrrJlBTzNgoNNQMg
Token: BQC6nQfkQRXMu8-463cGYIkGtIfghyKtem3we811LY1mkntnX5wM0WcPfWfsbGOnB3PX82jKgESDCNVEbApiS1zVwGGIEBFDqxUj8LuPYhIfgvN69IUGqjOPgboh5WVEPFDQaLaVAgRixYWUn_yHsOmeMWSHC9Dr2jyiiQdf1dOurf_4oO4_7qREjsrvRXw8KJo7klszYjMqCjb-F5OrrJlBTzNgoNNQMg
Token: BQC6nQfkQRXMu8-463cGYIkGtIfghyKtem3we811LY1mkntnX5wM0WcPfWfsbGOnB3PX82jKgESDCNVEbApiS1zVwGGIEBFDqxUj8LuPYhIfgvN69IUGqjOPgboh5WVEPFDQaLaVAgRixYWUn_yHsOmeMWSHC9Dr2jyiiQdf1dOurf_4oO4_7qREjsrvRXw8KJo7klszYjMqCjb-F5OrrJlBTzNgoNNQMg
Token: BQC6nQfkQRXMu8-463cGYIkGtIfghyKtem3we811LY1mkntnX5wM0WcPfWfsbGOnB3PX82jKgESDCNVEbApiS1zVwGGIEBFDqxUj8LuPYhIfgvN69IUGqjOPgboh5WVEPFDQaLaVAgRixYWUn_yHsOmeMWSHC9Dr2jyiiQdf1dOurf_4oO4_7qREjsrvRXw8KJo7klszYjMqCjb-F5OrrJlBTzNgoNNQMg
Token: BQC6nQfkQRXMu8-463cGYIkGtIfghyKtem3we811LY1mkntnX5wM0WcPfWfsbGOnB3PX82jKgESDCNVEbApiS1zVwGGIEBFDqxUj8LuPYhIfgvN69IUGqjOPgboh5WVEPFDQaLaVAgRixYWUn_yHsOmeMWSHC9Dr2jyiiQdf1dOurf_4oO4_7qREjsrvRXw8KJo7klszYjMqCjb-F5OrrJlBTzNgoNNQMg
Token: BQC6nQfkQRXMu8-463cGYIkGtIfghyKtem3we811LY1mkntnX5wM0WcPfWfsbGOnB3PX82jKgESDCNVEbApiS1zVwGGIEBFDqxUj8LuPYhIfgvN69IUGqjOPgboh5WVEPFDQaLaVAgRixYWUn_yHsOmeMWSHC9Dr2jyiiQdf1dOurf_4oO4_7qREjsrvRXw8KJo7klszYjMqCjb-F5OrrJlBTzNgoNNQMg
Token: BQC6nQfkQRXMu8-463cGYIkGtIfghyKtem3we811LY1mkntnX5wM0WcPfWfsbGOnB3PX82jKgESDCNVEbApiS1zVwGGIEBFDqxUj8LuPYhIfgvN69IUGqjOPgboh5WVEPFDQaLaVAgRixYWUn_yHsOmeMWSHC9Dr2jyiiQdf1dOurf_4oO4_7qREjsrvRXw8KJo7klszYjMqCjb-F5OrrJlBTzNgoNNQMg
Token: BQC6nQfkQRXMu8-463cGYIkGtIfghyKtem3we811LY1mkntnX5wM0WcPfWfsbGOnB3PX82jKgESDCNVEbApiS1zVwGGIEBFDqxUj8LuPYhIfgvN69IUGqjOPgboh5WVEPFDQaLaVAgRixYWUn_yHsOmeMWSHC9Dr2jyiiQdf1dOurf_4oO4_7qREjsrvRXw8KJo7klszYjMqCjb-F5OrrJlBTzNgoNNQMg
Token: BQC6nQfkQRXMu8-463cGYIkGtIfghyKtem3we811LY1mkntnX5wM0WcPfWfsbGOnB3PX82jKgESDCNVEbApiS1zVwGGIEBFDqxUj8LuPYhIfgvN69IUGqjOPgboh5WVEPFDQaLaVAgRixYWUn_yHsOmeMWSHC9Dr2jyiiQdf1dOurf_4oO4_7qREjsrvRXw8KJo7klszYjMqCjb-F5OrrJlBTzNgoNNQMg
Token: BQC6nQfkQRXMu8-463cGYIkGtIfghyKtem3we811LY1mkntnX5wM0WcPfWfsbGOnB3PX82jKgESDCNVEbApiS1zVwGGIEBFDqxUj8LuPYhIfgvN69IUGqjOPgboh5WVEPFDQaLaVAgRixYWUn_yHsOmeMWSHC9Dr2jyiiQdf1dOurf_4oO4_7qREjsrvRXw8KJo7klszYjMqCjb-F5OrrJlBTzNgoNNQMg
Token: BQC6nQfkQRXMu8-463cGYIkGtIfghyKtem3we811LY1mkntnX5wM0WcPfWfsbGOnB3PX82jKgESDCNVEbApiS1zVwGGIEBFDqxUj8LuPYhIfgvN69IUGqjOPgboh5WVEPFDQaLaVAgRixYWUn_yHsOmeMWSHC9Dr2jyiiQdf1dOurf_4oO4_7qREjsrvRXw8KJo7klszYjMqCjb-F5OrrJlBTzNgoNNQMg
Token: BQC6nQfkQRXMu8-463cGYIkGtIfghyKtem3we811LY1mkntnX5wM0WcPfWfsbGOnB3PX82jKgESDCNVEbApiS1zVwGGIEBFDqxUj8LuPYhIfgvN69IUGqjOPgboh5WVEPFDQaLaVAgRixYWUn_yHsOmeMWSHC9Dr2jyiiQdf1dOurf_4oO4_7qREjsrvRXw8KJo7klszYjMqCjb-F5OrrJlBTzNgoNNQMg
Token: BQC6nQfkQRXMu8-463cGYIkGtIfghyKtem3we811LY1mkntnX5wM0WcPfWfsbGOnB3PX82jKgESDCNVEbApiS1zVwGGIEBFDqxUj8LuPYhIfgvN69IUGqjOPgboh5WVEPFDQaLaVAgRixYWUn_yHsOmeMWSHC9Dr2jyiiQdf1dOurf_4oO4_7qREjsrvRXw8KJo7klszYjMqCjb-F5OrrJlBTzNgoNNQMg
Token: BQC6nQfkQRXMu8-463cGYIkGtIfghyKtem3we811LY1mkntnX5wM0WcPfWfsbGOnB3PX82jKgESDCNVEbApiS1zVwGGIEBFDqxUj8LuPYhIfgvN69IUGqjOPgboh5WVEPFDQaLaVAgRixYWUn_yHsOmeMWSHC9Dr2jyiiQdf1dOurf_4oO4_7qREjsrvRXw8KJo7klszYjMqCjb-F5OrrJlBTzNgoNNQMg
Token: BQC6nQfkQRXMu8-463cGYIkGtIfghyKtem3we811LY1mkntnX5wM0WcPfWfsbGOnB3PX82jKgESDCNVEbApiS1zVwGGIEBFDqxUj8LuPYhIfgvN69IUGqjOPgboh5WVEPFDQaLaVAgRixYWUn_yHsOmeMWSHC9Dr2jyiiQdf1dOurf_4oO4_7qREjsrvRXw8KJo7klszYjMqCjb-F5OrrJlBTzNgoNNQMg
Token: BQC6nQfkQRXMu8-463cGYIkGtIfghyKtem3we811LY1mkntnX5wM0WcPfWfsbGOnB3PX82jKgESDCNVEbApiS1zVwGGIEBFDqxUj8LuPYhIfgvN69IUGqjOPgboh5WVEPFDQaLaVAgRixYWUn_yHsOmeMWSHC9Dr2jyiiQdf1dOurf_4oO4_7qREjsrvRXw8KJo7klszYjMqCjb-F5OrrJlBTzNgoNNQMg
Token: BQC6nQfkQRXMu8-463cGYIkGtIfghyKtem3we811LY1mkntnX5wM0WcPfWfsbGOnB3PX82jKgESDCNVEbApiS1zVwGGIEBFDqxUj8LuPYhIfgvN69IUGqjOPgboh5WVEPFDQaLaVAgRixYWUn_yHsOmeMWSHC9Dr2jyiiQdf1dOurf_4oO4_7qREjsrvRXw8KJo7klszYjMqCjb-F5OrrJlBTzNgoNNQMg
Token: BQC6nQfkQRXMu8-463cGYIkGtIfghyKtem3we811LY1mkntnX5wM0WcPfWfsbGOnB3PX82jKgESDCNVEbApiS1zVwGGIEBFDqxUj8LuPYhIfgvN69IUGqjOPgboh5WVEPFDQaLaVAgRixYWUn_yHsOmeMWSHC9Dr2jyiiQdf1dOurf_4oO4_7qREjsrvRXw8KJo7klszYjMqCjb-F5OrrJlBTzNgoNNQMg
Token: BQC6nQfkQRXMu8-463cGYIkGtIfghyKtem3we811LY1mkntnX5wM0WcPfWfsbGOnB3PX82jKgESDCNVEbApiS1zVwGGIEBFDqxUj8LuPYhIfgvN69IUGqjOPgboh5WVEPFDQaLaVAgRixYWUn_yHsOmeMWSHC9Dr2jyiiQdf1dOurf_4oO4_7qREjsrvRXw8KJo7klszYjMqCjb-F5OrrJlBTzNgoNNQMg
Token: BQC6nQfkQRXMu8-463cGYIkGtIfghyKtem3we811LY1mkntnX5wM0WcPfWfsbGOnB3PX82jKgESDCNVEbApiS1zVwGGIEBFDqxUj8LuPYhIfgvN69IUGqjOPgboh5WVEPFDQaLaVAgRixYWUn_yHsOmeMWSHC9Dr2jyiiQdf1dOurf_4oO4_7qREjsrvRXw8KJo7klszYjMqCjb-F5OrrJlBTzNgoNNQMg
Token: BQC6nQfkQRXMu8-463cGYIkGtIfghyKtem3we811LY1mkntnX5wM0WcPfWfsbGOnB3PX82jKgESDCNVEbApiS1zVwGGIEBFDqxUj8LuPYhIfgvN69IUGqjOPgboh5WVEPFDQaLaVAgRixYWUn_yHsOmeMWSHC9Dr2jyiiQdf1dOurf_4oO4_7qREjsrvRXw8KJo7klszYjMqCjb-F5OrrJlBTzNgoNNQMg
Token: BQC6nQfkQRXMu8-463cGYIkGtIfghyKtem3we811LY1mkntnX5wM0WcPfWfsbGOnB3PX82jKgESDCNVEbApiS1zVwGGIEBFDqxUj8LuPYhIfgvN69IUGqjOPgboh5WVEPFDQaLaVAgRixYWUn_yHsOmeMWSHC9Dr2jyiiQdf1dOurf_4oO4_7qREjsrvRXw8KJo7klszYjMqCjb-F5OrrJlBTzNgoNNQMg
Token: BQC6nQfkQRXMu8-463cGYIkGtIfghyKtem3we811LY1mkntnX5wM0WcPfWfsbGOnB3PX82jKgESDCNVEbApiS1zVwGGIEBFDqxUj8LuPYhIfgvN69IUGqjOPgboh5WVEPFDQaLaVAgRixYWUn_yHsOmeMWSHC9Dr2jyiiQdf1dOurf_4oO4_7qREjsrvRXw8KJo7klszYjMqCjb-F5OrrJlBTzNgoNNQMg
Token: BQC6nQfkQRXMu8-463cGYIkGtIfghyKtem3we811LY1mkntnX5wM0WcPfWfsbGOnB3PX82jKgESDCNVEbApiS1zVwGGIEBFDqxUj8LuPYhIfgvN69IUGqjOPgboh5WVEPFDQaLaVAgRixYWUn_yHsOmeMWSHC9Dr2jyiiQdf1dOurf_4oO4_7qREjsrvRXw8KJo7klszYjMqCjb-F5OrrJlBTzNgoNNQMg
Token: BQC6nQfkQRXMu8-463cGYIkGtIfghyKtem3we811LY1mkntnX5wM0WcPfWfsbGOnB3PX82jKgESDCNVEbApiS1zVwGGIEBFDqxUj8LuPYhIfgvN69IUGqjOPgboh5WVEPFDQaLaVAgRixYWUn_yHsOmeMWSHC9Dr2jyiiQdf1dOurf_4oO4_7qREjsrvRXw8KJo7klszYjMqCjb-F5OrrJlBTzNgoNNQMg
Token: BQAOFjiTLSFiDQoZuv3JGtmFaupLLKas0hAThZ99q5KVSCXtXUzN9vYLVC_c6lfGzYl1046RQJ1Ad4KVPbIQUuog-nKz8tde_ag1tw0wpkCJdog6S5G6pEH-Vwyq-uW4UAX0nWr6WO3hPTLEGrr6LPR7JO_hBWf06H7dV00wne18RRQpdy2axF_0bwBXeqvjRAshmA-uxFqdNgUAFWZycP5tVtZlm-OK4A
Token: BQAOFjiTLSFiDQoZuv3JGtmFaupLLKas0hAThZ99q5KVSCXtXUzN9vYLVC_c6lfGzYl1046RQJ1Ad4KVPbIQUuog-nKz8tde_ag1tw0wpkCJdog6S5G6pEH-Vwyq-uW4UAX0nWr6WO3hPTLEGrr6LPR7JO_hBWf06H7dV00wne18RRQpdy2axF_0bwBXeqvjRAshmA-uxFqdNgUAFWZycP5tVtZlm-OK4A
Token: BQAOFjiTLSFiDQoZuv3JGtmFaupLLKas0hAThZ99q5KVSCXtXUzN9vYLVC_c6lfGzYl1046RQJ1Ad4KVPbIQUuog-nKz8tde_ag1tw0wpkCJdog6S5G6pEH-Vwyq-uW4UAX0nWr6WO3hPTLEGrr6LPR7JO_hBWf06H7dV00wne18RRQpdy2axF_0bwBXeqvjRAshmA-uxFqdNgUAFWZycP5tVtZlm-OK4A
Token: BQAOFjiTLSFiDQoZuv3JGtmFaupLLKas0hAThZ99q5KVSCXtXUzN9vYLVC_c6lfGzYl1046RQJ1Ad4KVPbIQUuog-nKz8tde_ag1tw0wpkCJdog6S5G6pEH-Vwyq-uW4UAX0nWr6WO3hPTLEGrr6LPR7JO_hBWf06H7dV00wne18RRQpdy2axF_0bwBXeqvjRAshmA-uxFqdNgUAFWZycP5tVtZlm-OK4A
Token: BQAOFjiTLSFiDQoZuv3JGtmFaupLLKas0hAThZ99q5KVSCXtXUzN9vYLVC_c6lfGzYl1046RQJ1Ad4KVPbIQUuog-nKz8tde_ag1tw0wpkCJdog6S5G6pEH-Vwyq-uW4UAX0nWr6WO3hPTLEGrr6LPR7JO_hBWf06H7dV00wne18RRQpdy2axF_0bwBXeqvjRAshmA-uxFqdNgUAFWZycP5tVtZlm-OK4A
Token: BQAOFjiTLSFiDQoZuv3JGtmFaupLLKas0hAThZ99q5KVSCXtXUzN9vYLVC_c6lfGzYl1046RQJ1Ad4KVPbIQUuog-nKz8tde_ag1tw0wpkCJdog6S5G6pEH-Vwyq-uW4UAX0nWr6WO3hPTLEGrr6LPR7JO_hBWf06H7dV00wne18RRQpdy2axF_0bwBXeqvjRAshmA-uxFqdNgUAFWZycP5tVtZlm-OK4A
Token: BQAOFjiTLSFiDQoZuv3JGtmFaupLLKas0hAThZ99q5KVSCXtXUzN9vYLVC_c6lfGzYl1046RQJ1Ad4KVPbIQUuog-nKz8tde_ag1tw0wpkCJdog6S5G6pEH-Vwyq-uW4UAX0nWr6WO3hPTLEGrr6LPR7JO_hBWf06H7dV00wne18RRQpdy2axF_0bwBXeqvjRAshmA-uxFqdNgUAFWZycP5tVtZlm-OK4A
Token: BQAOFjiTLSFiDQoZuv3JGtmFaupLLKas0hAThZ99q5KVSCXtXUzN9vYLVC_c6lfGzYl1046RQJ1Ad4KVPbIQUuog-nKz8tde_ag1tw0wpkCJdog6S5G6pEH-Vwyq-uW4UAX0nWr6WO3hPTLEGrr6LPR7JO_hBWf06H7dV00wne18RRQpdy2axF_0bwBXeqvjRAshmA-uxFqdNgUAFWZycP5tVtZlm-OK4A
Token: BQAOFjiTLSFiDQoZuv3JGtmFaupLLKas0hAThZ99q5KVSCXtXUzN9vYLVC_c6lfGzYl1046RQJ1Ad4KVPbIQUuog-nKz8tde_ag1tw0wpkCJdog6S5G6pEH-Vwyq-uW4UAX0nWr6WO3hPTLEGrr6LPR7JO_hBWf06H7dV00wne18RRQpdy2axF_0bwBXeqvjRAshmA-uxFqdNgUAFWZycP5tVtZlm-OK4A
Token: BQAmf1yeIsAgQuquU8vI4y6_ERmvHlF0S2uSJVlS8cGQUI4MavBU5t3oThH7AQBwDqZLTpYB-w6WwH03yOgsr66uQU7phyb1IUFLzznfMnNjPzjITnDrwotY_1C_9PL5ODQu2WzoQHJEg-YO697R4WoKNViypWHGX8LL7N0lW-3fem-VA8BZW2zMXr6BsaeuNJFgBqDqu98DrVXtlFX8cG5325j8k_fRaA
cache-control: "private, max-age=0"
x-robots-tag: "noindex, nofollow"
access-control-allow-origin: "*"
access-control-allow-headers: "Accept, App-Platform, Authorization, Content-Type, Origin, Retry-After, Spotify-App-Version, X-Cloud-Trace-Context, client-token, content-access-token"
access-control-allow-methods: "GET, POST, OPTIONS, PUT, DELETE, PATCH"
access-control-allow-credentials: "true"
access-control-max-age: "604800"
content-length: "27"
strict-transport-security: "max-age=31536000"
x-content-type-options: "nosniff"
date: "Thu, 27 Feb 2025 05:01:03 GMT"
server: "envoy"
via: "HTTP/2 edgeproxy, 1.1 google"
alt-svc: "h3=\":443\"; ma=2592000,h3-29=\":443\"; ma=2592000"
Token: BQAmf1yeIsAgQuquU8vI4y6_ERmvHlF0S2uSJVlS8cGQUI4MavBU5t3oThH7AQBwDqZLTpYB-w6WwH03yOgsr66uQU7phyb1IUFLzznfMnNjPzjITnDrwotY_1C_9PL5ODQu2WzoQHJEg-YO697R4WoKNViypWHGX8LL7N0lW-3fem-VA8BZW2zMXr6BsaeuNJFgBqDqu98DrVXtlFX8cG5325j8k_fRaA
Token: BQAmf1yeIsAgQuquU8vI4y6_ERmvHlF0S2uSJVlS8cGQUI4MavBU5t3oThH7AQBwDqZLTpYB-w6WwH03yOgsr66uQU7phyb1IUFLzznfMnNjPzjITnDrwotY_1C_9PL5ODQu2WzoQHJEg-YO697R4WoKNViypWHGX8LL7N0lW-3fem-VA8BZW2zMXr6BsaeuNJFgBqDqu98DrVXtlFX8cG5325j8k_fRaA
cache-control: "private, max-age=0"
x-robots-tag: "noindex, nofollow"
access-control-allow-origin: "*"
access-control-allow-headers: "Accept, App-Platform, Authorization, Content-Type, Origin, Retry-After, Spotify-App-Version, X-Cloud-Trace-Context, client-token, content-access-token"
access-control-allow-methods: "GET, POST, OPTIONS, PUT, DELETE, PATCH"
access-control-allow-credentials: "true"
access-control-max-age: "604800"
content-length: "27"
strict-transport-security: "max-age=31536000"
x-content-type-options: "nosniff"
date: "Thu, 27 Feb 2025 05:01:16 GMT"
server: "envoy"
via: "HTTP/2 edgeproxy, 1.1 google"
alt-svc: "h3=\":443\"; ma=2592000,h3-29=\":443\"; ma=2592000"
Token: BQAmf1yeIsAgQuquU8vI4y6_ERmvHlF0S2uSJVlS8cGQUI4MavBU5t3oThH7AQBwDqZLTpYB-w6WwH03yOgsr66uQU7phyb1IUFLzznfMnNjPzjITnDrwotY_1C_9PL5ODQu2WzoQHJEg-YO697R4WoKNViypWHGX8LL7N0lW-3fem-VA8BZW2zMXr6BsaeuNJFgBqDqu98DrVXtlFX8cG5325j8k_fRaA
Token: BQAmf1yeIsAgQuquU8vI4y6_ERmvHlF0S2uSJVlS8cGQUI4MavBU5t3oThH7AQBwDqZLTpYB-w6WwH03yOgsr66uQU7phyb1IUFLzznfMnNjPzjITnDrwotY_1C_9PL5ODQu2WzoQHJEg-YO697R4WoKNViypWHGX8LL7N0lW-3fem-VA8BZW2zMXr6BsaeuNJFgBqDqu98DrVXtlFX8cG5325j8k_fRaA
Token: BQAmf1yeIsAgQuquU8vI4y6_ERmvHlF0S2uSJVlS8cGQUI4MavBU5t3oThH7AQBwDqZLTpYB-w6WwH03yOgsr66uQU7phyb1IUFLzznfMnNjPzjITnDrwotY_1C_9PL5ODQu2WzoQHJEg-YO697R4WoKNViypWHGX8LL7N0lW-3fem-VA8BZW2zMXr6BsaeuNJFgBqDqu98DrVXtlFX8cG5325j8k_fRaA
Token: BQAmf1yeIsAgQuquU8vI4y6_ERmvHlF0S2uSJVlS8cGQUI4MavBU5t3oThH7AQBwDqZLTpYB-w6WwH03yOgsr66uQU7phyb1IUFLzznfMnNjPzjITnDrwotY_1C_9PL5ODQu2WzoQHJEg-YO697R4WoKNViypWHGX8LL7N0lW-3fem-VA8BZW2zMXr6BsaeuNJFgBqDqu98DrVXtlFX8cG5325j8k_fRaA
Token: BQAmf1yeIsAgQuquU8vI4y6_ERmvHlF0S2uSJVlS8cGQUI4MavBU5t3oThH7AQBwDqZLTpYB-w6WwH03yOgsr66uQU7phyb1IUFLzznfMnNjPzjITnDrwotY_1C_9PL5ODQu2WzoQHJEg-YO697R4WoKNViypWHGX8LL7N0lW-3fem-VA8BZW2zMXr6BsaeuNJFgBqDqu98DrVXtlFX8cG5325j8k_fRaA
Token: BQAmf1yeIsAgQuquU8vI4y6_ERmvHlF0S2uSJVlS8cGQUI4MavBU5t3oThH7AQBwDqZLTpYB-w6WwH03yOgsr66uQU7phyb1IUFLzznfMnNjPzjITnDrwotY_1C_9PL5ODQu2WzoQHJEg-YO697R4WoKNViypWHGX8LL7N0lW-3fem-VA8BZW2zMXr6BsaeuNJFgBqDqu98DrVXtlFX8cG5325j8k_fRaA
Token: BQAmf1yeIsAgQuquU8vI4y6_ERmvHlF0S2uSJVlS8cGQUI4MavBU5t3oThH7AQBwDqZLTpYB-w6WwH03yOgsr66uQU7phyb1IUFLzznfMnNjPzjITnDrwotY_1C_9PL5ODQu2WzoQHJEg-YO697R4WoKNViypWHGX8LL7N0lW-3fem-VA8BZW2zMXr6BsaeuNJFgBqDqu98DrVXtlFX8cG5325j8k_fRaA
Token: BQAmf1yeIsAgQuquU8vI4y6_ERmvHlF0S2uSJVlS8cGQUI4MavBU5t3oThH7AQBwDqZLTpYB-w6WwH03yOgsr66uQU7phyb1IUFLzznfMnNjPzjITnDrwotY_1C_9PL5ODQu2WzoQHJEg-YO697R4WoKNViypWHGX8LL7N0lW-3fem-VA8BZW2zMXr6BsaeuNJFgBqDqu98DrVXtlFX8cG5325j8k_fRaA
Token: BQAmf1yeIsAgQuquU8vI4y6_ERmvHlF0S2uSJVlS8cGQUI4MavBU5t3oThH7AQBwDqZLTpYB-w6WwH03yOgsr66uQU7phyb1IUFLzznfMnNjPzjITnDrwotY_1C_9PL5ODQu2WzoQHJEg-YO697R4WoKNViypWHGX8LL7N0lW-3fem-VA8BZW2zMXr6BsaeuNJFgBqDqu98DrVXtlFX8cG5325j8k_fRaA
Token: BQAmf1yeIsAgQuquU8vI4y6_ERmvHlF0S2uSJVlS8cGQUI4MavBU5t3oThH7AQBwDqZLTpYB-w6WwH03yOgsr66uQU7phyb1IUFLzznfMnNjPzjITnDrwotY_1C_9PL5ODQu2WzoQHJEg-YO697R4WoKNViypWHGX8LL7N0lW-3fem-VA8BZW2zMXr6BsaeuNJFgBqDqu98DrVXtlFX8cG5325j8k_fRaA
Token: BQAmf1yeIsAgQuquU8vI4y6_ERmvHlF0S2uSJVlS8cGQUI4MavBU5t3oThH7AQBwDqZLTpYB-w6WwH03yOgsr66uQU7phyb1IUFLzznfMnNjPzjITnDrwotY_1C_9PL5ODQu2WzoQHJEg-YO697R4WoKNViypWHGX8LL7N0lW-3fem-VA8BZW2zMXr6BsaeuNJFgBqDqu98DrVXtlFX8cG5325j8k_fRaA
Token: BQD3iZ6aeSMOPe1-9IsL6ENL_m4-oXrJgzuxrx2aSJ7cSydzW94uA2xUzsm8bJ1LBSxU3QhEYvtR3uETQigensnPuNGxjIJPUm2F8nfhbSwjiKJvBThT0k8kwqjgmLV1su7_5pbDNQeDa0Qhc5e6O-MmITGoqONCJZjEWWMCchDfM2jHR9H3Tg2ngdwChJidyYVsrI2R-J9xvt5iT-aQ48z7csQr-yEL0A
Token: BQD3iZ6aeSMOPe1-9IsL6ENL_m4-oXrJgzuxrx2aSJ7cSydzW94uA2xUzsm8bJ1LBSxU3QhEYvtR3uETQigensnPuNGxjIJPUm2F8nfhbSwjiKJvBThT0k8kwqjgmLV1su7_5pbDNQeDa0Qhc5e6O-MmITGoqONCJZjEWWMCchDfM2jHR9H3Tg2ngdwChJidyYVsrI2R-J9xvt5iT-aQ48z7csQr-yEL0A
Token: BQD3iZ6aeSMOPe1-9IsL6ENL_m4-oXrJgzuxrx2aSJ7cSydzW94uA2xUzsm8bJ1LBSxU3QhEYvtR3uETQigensnPuNGxjIJPUm2F8nfhbSwjiKJvBThT0k8kwqjgmLV1su7_5pbDNQeDa0Qhc5e6O-MmITGoqONCJZjEWWMCchDfM2jHR9H3Tg2ngdwChJidyYVsrI2R-J9xvt5iT-aQ48z7csQr-yEL0A
Token: BQD3iZ6aeSMOPe1-9IsL6ENL_m4-oXrJgzuxrx2aSJ7cSydzW94uA2xUzsm8bJ1LBSxU3QhEYvtR3uETQigensnPuNGxjIJPUm2F8nfhbSwjiKJvBThT0k8kwqjgmLV1su7_5pbDNQeDa0Qhc5e6O-MmITGoqONCJZjEWWMCchDfM2jHR9H3Tg2ngdwChJidyYVsrI2R-J9xvt5iT-aQ48z7csQr-yEL0A
Token: BQCGr6QNUTAa9P_aD0UZuiKqnhWP-1tnHyZnFKFUkEXnGvBwwzfgYymA8ANUBA2-Bn3TlCwfq8g6dBjl2cn0n-FHCxpOjXVt25-RowTV7oIpKAfaxwsv-r0QR2oi3NyRqF6UGJkLse4RLO3k3XnUFUUgGZeLRR5zk8W2yxx1l9cL1Fp9-6HSiA1K2SaHXMXE4Wkcgyd5rLvCM0T9yl0kSU1JlvnPjFbY3Q
Token: BQCGr6QNUTAa9P_aD0UZuiKqnhWP-1tnHyZnFKFUkEXnGvBwwzfgYymA8ANUBA2-Bn3TlCwfq8g6dBjl2cn0n-FHCxpOjXVt25-RowTV7oIpKAfaxwsv-r0QR2oi3NyRqF6UGJkLse4RLO3k3XnUFUUgGZeLRR5zk8W2yxx1l9cL1Fp9-6HSiA1K2SaHXMXE4Wkcgyd5rLvCM0T9yl0kSU1JlvnPjFbY3Q
Token: BQCGr6QNUTAa9P_aD0UZuiKqnhWP-1tnHyZnFKFUkEXnGvBwwzfgYymA8ANUBA2-Bn3TlCwfq8g6dBjl2cn0n-FHCxpOjXVt25-RowTV7oIpKAfaxwsv-r0QR2oi3NyRqF6UGJkLse4RLO3k3XnUFUUgGZeLRR5zk8W2yxx1l9cL1Fp9-6HSiA1K2SaHXMXE4Wkcgyd5rLvCM0T9yl0kSU1JlvnPjFbY3Q
Token: BQCGr6QNUTAa9P_aD0UZuiKqnhWP-1tnHyZnFKFUkEXnGvBwwzfgYymA8ANUBA2-Bn3TlCwfq8g6dBjl2cn0n-FHCxpOjXVt25-RowTV7oIpKAfaxwsv-r0QR2oi3NyRqF6UGJkLse4RLO3k3XnUFUUgGZeLRR5zk8W2yxx1l9cL1Fp9-6HSiA1K2SaHXMXE4Wkcgyd5rLvCM0T9yl0kSU1JlvnPjFbY3Q
Token: BQCGr6QNUTAa9P_aD0UZuiKqnhWP-1tnHyZnFKFUkEXnGvBwwzfgYymA8ANUBA2-Bn3TlCwfq8g6dBjl2cn0n-FHCxpOjXVt25-RowTV7oIpKAfaxwsv-r0QR2oi3NyRqF6UGJkLse4RLO3k3XnUFUUgGZeLRR5zk8W2yxx1l9cL1Fp9-6HSiA1K2SaHXMXE4Wkcgyd5rLvCM0T9yl0kSU1JlvnPjFbY3Q
Token: BQCGr6QNUTAa9P_aD0UZuiKqnhWP-1tnHyZnFKFUkEXnGvBwwzfgYymA8ANUBA2-Bn3TlCwfq8g6dBjl2cn0n-FHCxpOjXVt25-RowTV7oIpKAfaxwsv-r0QR2oi3NyRqF6UGJkLse4RLO3k3XnUFUUgGZeLRR5zk8W2yxx1l9cL1Fp9-6HSiA1K2SaHXMXE4Wkcgyd5rLvCM0T9yl0kSU1JlvnPjFbY3Q
Token: BQCGr6QNUTAa9P_aD0UZuiKqnhWP-1tnHyZnFKFUkEXnGvBwwzfgYymA8ANUBA2-Bn3TlCwfq8g6dBjl2cn0n-FHCxpOjXVt25-RowTV7oIpKAfaxwsv-r0QR2oi3NyRqF6UGJkLse4RLO3k3XnUFUUgGZeLRR5zk8W2yxx1l9cL1Fp9-6HSiA1K2SaHXMXE4Wkcgyd5rLvCM0T9yl0kSU1JlvnPjFbY3Q
Token: BQCGr6QNUTAa9P_aD0UZuiKqnhWP-1tnHyZnFKFUkEXnGvBwwzfgYymA8ANUBA2-Bn3TlCwfq8g6dBjl2cn0n-FHCxpOjXVt25-RowTV7oIpKAfaxwsv-r0QR2oi3NyRqF6UGJkLse4RLO3k3XnUFUUgGZeLRR5zk8W2yxx1l9cL1Fp9-6HSiA1K2SaHXMXE4Wkcgyd5rLvCM0T9yl0kSU1JlvnPjFbY3Q
Token: BQCGr6QNUTAa9P_aD0UZuiKqnhWP-1tnHyZnFKFUkEXnGvBwwzfgYymA8ANUBA2-Bn3TlCwfq8g6dBjl2cn0n-FHCxpOjXVt25-RowTV7oIpKAfaxwsv-r0QR2oi3NyRqF6UGJkLse4RLO3k3XnUFUUgGZeLRR5zk8W2yxx1l9cL1Fp9-6HSiA1K2SaHXMXE4Wkcgyd5rLvCM0T9yl0kSU1JlvnPjFbY3Q
Token: BQCGr6QNUTAa9P_aD0UZuiKqnhWP-1tnHyZnFKFUkEXnGvBwwzfgYymA8ANUBA2-Bn3TlCwfq8g6dBjl2cn0n-FHCxpOjXVt25-RowTV7oIpKAfaxwsv-r0QR2oi3NyRqF6UGJkLse4RLO3k3XnUFUUgGZeLRR5zk8W2yxx1l9cL1Fp9-6HSiA1K2SaHXMXE4Wkcgyd5rLvCM0T9yl0kSU1JlvnPjFbY3Q
Token: BQCGr6QNUTAa9P_aD0UZuiKqnhWP-1tnHyZnFKFUkEXnGvBwwzfgYymA8ANUBA2-Bn3TlCwfq8g6dBjl2cn0n-FHCxpOjXVt25-RowTV7oIpKAfaxwsv-r0QR2oi3NyRqF6UGJkLse4RLO3k3XnUFUUgGZeLRR5zk8W2yxx1l9cL1Fp9-6HSiA1K2SaHXMXE4Wkcgyd5rLvCM0T9yl0kSU1JlvnPjFbY3Q
Token: BQCGr6QNUTAa9P_aD0UZuiKqnhWP-1tnHyZnFKFUkEXnGvBwwzfgYymA8ANUBA2-Bn3TlCwfq8g6dBjl2cn0n-FHCxpOjXVt25-RowTV7oIpKAfaxwsv-r0QR2oi3NyRqF6UGJkLse4RLO3k3XnUFUUgGZeLRR5zk8W2yxx1l9cL1Fp9-6HSiA1K2SaHXMXE4Wkcgyd5rLvCM0T9yl0kSU1JlvnPjFbY3Q
Token: BQCGr6QNUTAa9P_aD0UZuiKqnhWP-1tnHyZnFKFUkEXnGvBwwzfgYymA8ANUBA2-Bn3TlCwfq8g6dBjl2cn0n-FHCxpOjXVt25-RowTV7oIpKAfaxwsv-r0QR2oi3NyRqF6UGJkLse4RLO3k3XnUFUUgGZeLRR5zk8W2yxx1l9cL1Fp9-6HSiA1K2SaHXMXE4Wkcgyd5rLvCM0T9yl0kSU1JlvnPjFbY3Q
Token: BQCGr6QNUTAa9P_aD0UZuiKqnhWP-1tnHyZnFKFUkEXnGvBwwzfgYymA8ANUBA2-Bn3TlCwfq8g6dBjl2cn0n-FHCxpOjXVt25-RowTV7oIpKAfaxwsv-r0QR2oi3NyRqF6UGJkLse4RLO3k3XnUFUUgGZeLRR5zk8W2yxx1l9cL1Fp9-6HSiA1K2SaHXMXE4Wkcgyd5rLvCM0T9yl0kSU1JlvnPjFbY3Q
Token: BQCGr6QNUTAa9P_aD0UZuiKqnhWP-1tnHyZnFKFUkEXnGvBwwzfgYymA8ANUBA2-Bn3TlCwfq8g6dBjl2cn0n-FHCxpOjXVt25-RowTV7oIpKAfaxwsv-r0QR2oi3NyRqF6UGJkLse4RLO3k3XnUFUUgGZeLRR5zk8W2yxx1l9cL1Fp9-6HSiA1K2SaHXMXE4Wkcgyd5rLvCM0T9yl0kSU1JlvnPjFbY3Q
Token: BQCGr6QNUTAa9P_aD0UZuiKqnhWP-1tnHyZnFKFUkEXnGvBwwzfgYymA8ANUBA2-Bn3TlCwfq8g6dBjl2cn0n-FHCxpOjXVt25-RowTV7oIpKAfaxwsv-r0QR2oi3NyRqF6UGJkLse4RLO3k3XnUFUUgGZeLRR5zk8W2yxx1l9cL1Fp9-6HSiA1K2SaHXMXE4Wkcgyd5rLvCM0T9yl0kSU1JlvnPjFbY3Q
Token: BQCGr6QNUTAa9P_aD0UZuiKqnhWP-1tnHyZnFKFUkEXnGvBwwzfgYymA8ANUBA2-Bn3TlCwfq8g6dBjl2cn0n-FHCxpOjXVt25-RowTV7oIpKAfaxwsv-r0QR2oi3NyRqF6UGJkLse4RLO3k3XnUFUUgGZeLRR5zk8W2yxx1l9cL1Fp9-6HSiA1K2SaHXMXE4Wkcgyd5rLvCM0T9yl0kSU1JlvnPjFbY3Q
Token: BQCGr6QNUTAa9P_aD0UZuiKqnhWP-1tnHyZnFKFUkEXnGvBwwzfgYymA8ANUBA2-Bn3TlCwfq8g6dBjl2cn0n-FHCxpOjXVt25-RowTV7oIpKAfaxwsv-r0QR2oi3NyRqF6UGJkLse4RLO3k3XnUFUUgGZeLRR5zk8W2yxx1l9cL1Fp9-6HSiA1K2SaHXMXE4Wkcgyd5rLvCM0T9yl0kSU1JlvnPjFbY3Q
cache-control: "private, max-age=0"
x-robots-tag: "noindex, nofollow"
access-control-allow-origin: "*"
access-control-allow-headers: "Accept, App-Platform, Authorization, Content-Type, Origin, Retry-After, Spotify-App-Version, X-Cloud-Trace-Context, client-token, content-access-token"
access-control-allow-methods: "GET, POST, OPTIONS, PUT, DELETE, PATCH"
access-control-allow-credentials: "true"
access-control-max-age: "604800"
content-length: "27"
strict-transport-security: "max-age=31536000"
x-content-type-options: "nosniff"
date: "Thu, 27 Feb 2025 05:04:02 GMT"
server: "envoy"
via: "HTTP/2 edgeproxy, 1.1 google"
alt-svc: "h3=\":443\"; ma=2592000,h3-29=\":443\"; ma=2592000"
Token: BQCGr6QNUTAa9P_aD0UZuiKqnhWP-1tnHyZnFKFUkEXnGvBwwzfgYymA8ANUBA2-Bn3TlCwfq8g6dBjl2cn0n-FHCxpOjXVt25-RowTV7oIpKAfaxwsv-r0QR2oi3NyRqF6UGJkLse4RLO3k3XnUFUUgGZeLRR5zk8W2yxx1l9cL1Fp9-6HSiA1K2SaHXMXE4Wkcgyd5rLvCM0T9yl0kSU1JlvnPjFbY3Q
cache-control: "private, max-age=0"
x-robots-tag: "noindex, nofollow"
access-control-allow-origin: "*"
access-control-allow-headers: "Accept, App-Platform, Authorization, Content-Type, Origin, Retry-After, Spotify-App-Version, X-Cloud-Trace-Context, client-token, content-access-token"
access-control-allow-methods: "GET, POST, OPTIONS, PUT, DELETE, PATCH"
access-control-allow-credentials: "true"
access-control-max-age: "604800"
content-length: "27"
strict-transport-security: "max-age=31536000"
x-content-type-options: "nosniff"
date: "Thu, 27 Feb 2025 05:04:06 GMT"
server: "envoy"
via: "HTTP/2 edgeproxy, 1.1 google"
alt-svc: "h3=\":443\"; ma=2592000,h3-29=\":443\"; ma=2592000"
Token: BQCGr6QNUTAa9P_aD0UZuiKqnhWP-1tnHyZnFKFUkEXnGvBwwzfgYymA8ANUBA2-Bn3TlCwfq8g6dBjl2cn0n-FHCxpOjXVt25-RowTV7oIpKAfaxwsv-r0QR2oi3NyRqF6UGJkLse4RLO3k3XnUFUUgGZeLRR5zk8W2yxx1l9cL1Fp9-6HSiA1K2SaHXMXE4Wkcgyd5rLvCM0T9yl0kSU1JlvnPjFbY3Q
cache-control: "private, max-age=0"
x-robots-tag: "noindex, nofollow"
access-control-allow-origin: "*"
access-control-allow-headers: "Accept, App-Platform, Authorization, Content-Type, Origin, Retry-After, Spotify-App-Version, X-Cloud-Trace-Context, client-token, content-access-token"
access-control-allow-methods: "GET, POST, OPTIONS, PUT, DELETE, PATCH"
access-control-allow-credentials: "true"
access-control-max-age: "604800"
content-length: "27"
strict-transport-security: "max-age=31536000"
x-content-type-options: "nosniff"
date: "Thu, 27 Feb 2025 05:04:12 GMT"
server: "envoy"
via: "HTTP/2 edgeproxy, 1.1 google"
alt-svc: "h3=\":443\"; ma=2592000,h3-29=\":443\"; ma=2592000"
Token: BQCGr6QNUTAa9P_aD0UZuiKqnhWP-1tnHyZnFKFUkEXnGvBwwzfgYymA8ANUBA2-Bn3TlCwfq8g6dBjl2cn0n-FHCxpOjXVt25-RowTV7oIpKAfaxwsv-r0QR2oi3NyRqF6UGJkLse4RLO3k3XnUFUUgGZeLRR5zk8W2yxx1l9cL1Fp9-6HSiA1K2SaHXMXE4Wkcgyd5rLvCM0T9yl0kSU1JlvnPjFbY3Q
cache-control: "private, max-age=0"
x-robots-tag: "noindex, nofollow"
access-control-allow-origin: "*"
access-control-allow-headers: "Accept, App-Platform, Authorization, Content-Type, Origin, Retry-After, Spotify-App-Version, X-Cloud-Trace-Context, client-token, content-access-token"
access-control-allow-methods: "GET, POST, OPTIONS, PUT, DELETE, PATCH"
access-control-allow-credentials: "true"
access-control-max-age: "604800"
content-length: "27"
strict-transport-security: "max-age=31536000"
x-content-type-options: "nosniff"
date: "Thu, 27 Feb 2025 05:04:16 GMT"
server: "envoy"
via: "HTTP/2 edgeproxy, 1.1 google"
alt-svc: "h3=\":443\"; ma=2592000,h3-29=\":443\"; ma=2592000"
Token: BQCGr6QNUTAa9P_aD0UZuiKqnhWP-1tnHyZnFKFUkEXnGvBwwzfgYymA8ANUBA2-Bn3TlCwfq8g6dBjl2cn0n-FHCxpOjXVt25-RowTV7oIpKAfaxwsv-r0QR2oi3NyRqF6UGJkLse4RLO3k3XnUFUUgGZeLRR5zk8W2yxx1l9cL1Fp9-6HSiA1K2SaHXMXE4Wkcgyd5rLvCM0T9yl0kSU1JlvnPjFbY3Q
Token: BQCGr6QNUTAa9P_aD0UZuiKqnhWP-1tnHyZnFKFUkEXnGvBwwzfgYymA8ANUBA2-Bn3TlCwfq8g6dBjl2cn0n-FHCxpOjXVt25-RowTV7oIpKAfaxwsv-r0QR2oi3NyRqF6UGJkLse4RLO3k3XnUFUUgGZeLRR5zk8W2yxx1l9cL1Fp9-6HSiA1K2SaHXMXE4Wkcgyd5rLvCM0T9yl0kSU1JlvnPjFbY3Q
Token: BQCGr6QNUTAa9P_aD0UZuiKqnhWP-1tnHyZnFKFUkEXnGvBwwzfgYymA8ANUBA2-Bn3TlCwfq8g6dBjl2cn0n-FHCxpOjXVt25-RowTV7oIpKAfaxwsv-r0QR2oi3NyRqF6UGJkLse4RLO3k3XnUFUUgGZeLRR5zk8W2yxx1l9cL1Fp9-6HSiA1K2SaHXMXE4Wkcgyd5rLvCM0T9yl0kSU1JlvnPjFbY3Q
Token: BQCGr6QNUTAa9P_aD0UZuiKqnhWP-1tnHyZnFKFUkEXnGvBwwzfgYymA8ANUBA2-Bn3TlCwfq8g6dBjl2cn0n-FHCxpOjXVt25-RowTV7oIpKAfaxwsv-r0QR2oi3NyRqF6UGJkLse4RLO3k3XnUFUUgGZeLRR5zk8W2yxx1l9cL1Fp9-6HSiA1K2SaHXMXE4Wkcgyd5rLvCM0T9yl0kSU1JlvnPjFbY3Q
Token: BQCGr6QNUTAa9P_aD0UZuiKqnhWP-1tnHyZnFKFUkEXnGvBwwzfgYymA8ANUBA2-Bn3TlCwfq8g6dBjl2cn0n-FHCxpOjXVt25-RowTV7oIpKAfaxwsv-r0QR2oi3NyRqF6UGJkLse4RLO3k3XnUFUUgGZeLRR5zk8W2yxx1l9cL1Fp9-6HSiA1K2SaHXMXE4Wkcgyd5rLvCM0T9yl0kSU1JlvnPjFbY3Q
Token: BQCGr6QNUTAa9P_aD0UZuiKqnhWP-1tnHyZnFKFUkEXnGvBwwzfgYymA8ANUBA2-Bn3TlCwfq8g6dBjl2cn0n-FHCxpOjXVt25-RowTV7oIpKAfaxwsv-r0QR2oi3NyRqF6UGJkLse4RLO3k3XnUFUUgGZeLRR5zk8W2yxx1l9cL1Fp9-6HSiA1K2SaHXMXE4Wkcgyd5rLvCM0T9yl0kSU1JlvnPjFbY3Q
Token: BQCGr6QNUTAa9P_aD0UZuiKqnhWP-1tnHyZnFKFUkEXnGvBwwzfgYymA8ANUBA2-Bn3TlCwfq8g6dBjl2cn0n-FHCxpOjXVt25-RowTV7oIpKAfaxwsv-r0QR2oi3NyRqF6UGJkLse4RLO3k3XnUFUUgGZeLRR5zk8W2yxx1l9cL1Fp9-6HSiA1K2SaHXMXE4Wkcgyd5rLvCM0T9yl0kSU1JlvnPjFbY3Q
Token: BQCGr6QNUTAa9P_aD0UZuiKqnhWP-1tnHyZnFKFUkEXnGvBwwzfgYymA8ANUBA2-Bn3TlCwfq8g6dBjl2cn0n-FHCxpOjXVt25-RowTV7oIpKAfaxwsv-r0QR2oi3NyRqF6UGJkLse4RLO3k3XnUFUUgGZeLRR5zk8W2yxx1l9cL1Fp9-6HSiA1K2SaHXMXE4Wkcgyd5rLvCM0T9yl0kSU1JlvnPjFbY3Q
Token: BQCGr6QNUTAa9P_aD0UZuiKqnhWP-1tnHyZnFKFUkEXnGvBwwzfgYymA8ANUBA2-Bn3TlCwfq8g6dBjl2cn0n-FHCxpOjXVt25-RowTV7oIpKAfaxwsv-r0QR2oi3NyRqF6UGJkLse4RLO3k3XnUFUUgGZeLRR5zk8W2yxx1l9cL1Fp9-6HSiA1K2SaHXMXE4Wkcgyd5rLvCM0T9yl0kSU1JlvnPjFbY3Q
Token: BQCGr6QNUTAa9P_aD0UZuiKqnhWP-1tnHyZnFKFUkEXnGvBwwzfgYymA8ANUBA2-Bn3TlCwfq8g6dBjl2cn0n-FHCxpOjXVt25-RowTV7oIpKAfaxwsv-r0QR2oi3NyRqF6UGJkLse4RLO3k3XnUFUUgGZeLRR5zk8W2yxx1l9cL1Fp9-6HSiA1K2SaHXMXE4Wkcgyd5rLvCM0T9yl0kSU1JlvnPjFbY3Q
Token: BQCGr6QNUTAa9P_aD0UZuiKqnhWP-1tnHyZnFKFUkEXnGvBwwzfgYymA8ANUBA2-Bn3TlCwfq8g6dBjl2cn0n-FHCxpOjXVt25-RowTV7oIpKAfaxwsv-r0QR2oi3NyRqF6UGJkLse4RLO3k3XnUFUUgGZeLRR5zk8W2yxx1l9cL1Fp9-6HSiA1K2SaHXMXE4Wkcgyd5rLvCM0T9yl0kSU1JlvnPjFbY3Q
Token: BQCGr6QNUTAa9P_aD0UZuiKqnhWP-1tnHyZnFKFUkEXnGvBwwzfgYymA8ANUBA2-Bn3TlCwfq8g6dBjl2cn0n-FHCxpOjXVt25-RowTV7oIpKAfaxwsv-r0QR2oi3NyRqF6UGJkLse4RLO3k3XnUFUUgGZeLRR5zk8W2yxx1l9cL1Fp9-6HSiA1K2SaHXMXE4Wkcgyd5rLvCM0T9yl0kSU1JlvnPjFbY3Q
Token: BQCGr6QNUTAa9P_aD0UZuiKqnhWP-1tnHyZnFKFUkEXnGvBwwzfgYymA8ANUBA2-Bn3TlCwfq8g6dBjl2cn0n-FHCxpOjXVt25-RowTV7oIpKAfaxwsv-r0QR2oi3NyRqF6UGJkLse4RLO3k3XnUFUUgGZeLRR5zk8W2yxx1l9cL1Fp9-6HSiA1K2SaHXMXE4Wkcgyd5rLvCM0T9yl0kSU1JlvnPjFbY3Q
Token: BQCGr6QNUTAa9P_aD0UZuiKqnhWP-1tnHyZnFKFUkEXnGvBwwzfgYymA8ANUBA2-Bn3TlCwfq8g6dBjl2cn0n-FHCxpOjXVt25-RowTV7oIpKAfaxwsv-r0QR2oi3NyRqF6UGJkLse4RLO3k3XnUFUUgGZeLRR5zk8W2yxx1l9cL1Fp9-6HSiA1K2SaHXMXE4Wkcgyd5rLvCM0T9yl0kSU1JlvnPjFbY3Q
Token: BQCGr6QNUTAa9P_aD0UZuiKqnhWP-1tnHyZnFKFUkEXnGvBwwzfgYymA8ANUBA2-Bn3TlCwfq8g6dBjl2cn0n-FHCxpOjXVt25-RowTV7oIpKAfaxwsv-r0QR2oi3NyRqF6UGJkLse4RLO3k3XnUFUUgGZeLRR5zk8W2yxx1l9cL1Fp9-6HSiA1K2SaHXMXE4Wkcgyd5rLvCM0T9yl0kSU1JlvnPjFbY3Q
Token: BQA6q6nmZockLa5VheT5pYqYkDBOJHUOhFEB5KiR1FbW1nLelo5qdNuE9w8RW2dMWaTd3-NnypFllmn2i95il-1l5fOyaMzZKdvfwUbB2ZCslgeLVMGX6XQrU_KivWwSJKV0bJLypyeXQNEG3L92vZyhGimYtshjvnGlKIWPAhgW-Ma05uQRnOqXY9xu0e5TzUEA7ycUIt6EbjL-1Qa1j9Glp_BmvC0nAg
Token: BQA6q6nmZockLa5VheT5pYqYkDBOJHUOhFEB5KiR1FbW1nLelo5qdNuE9w8RW2dMWaTd3-NnypFllmn2i95il-1l5fOyaMzZKdvfwUbB2ZCslgeLVMGX6XQrU_KivWwSJKV0bJLypyeXQNEG3L92vZyhGimYtshjvnGlKIWPAhgW-Ma05uQRnOqXY9xu0e5TzUEA7ycUIt6EbjL-1Qa1j9Glp_BmvC0nAg
Token: BQA6q6nmZockLa5VheT5pYqYkDBOJHUOhFEB5KiR1FbW1nLelo5qdNuE9w8RW2dMWaTd3-NnypFllmn2i95il-1l5fOyaMzZKdvfwUbB2ZCslgeLVMGX6XQrU_KivWwSJKV0bJLypyeXQNEG3L92vZyhGimYtshjvnGlKIWPAhgW-Ma05uQRnOqXY9xu0e5TzUEA7ycUIt6EbjL-1Qa1j9Glp_BmvC0nAg
Token: BQA6q6nmZockLa5VheT5pYqYkDBOJHUOhFEB5KiR1FbW1nLelo5qdNuE9w8RW2dMWaTd3-NnypFllmn2i95il-1l5fOyaMzZKdvfwUbB2ZCslgeLVMGX6XQrU_KivWwSJKV0bJLypyeXQNEG3L92vZyhGimYtshjvnGlKIWPAhgW-Ma05uQRnOqXY9xu0e5TzUEA7ycUIt6EbjL-1Qa1j9Glp_BmvC0nAg
Token: BQA6q6nmZockLa5VheT5pYqYkDBOJHUOhFEB5KiR1FbW1nLelo5qdNuE9w8RW2dMWaTd3-NnypFllmn2i95il-1l5fOyaMzZKdvfwUbB2ZCslgeLVMGX6XQrU_KivWwSJKV0bJLypyeXQNEG3L92vZyhGimYtshjvnGlKIWPAhgW-Ma05uQRnOqXY9xu0e5TzUEA7ycUIt6EbjL-1Qa1j9Glp_BmvC0nAg
Token: BQA6q6nmZockLa5VheT5pYqYkDBOJHUOhFEB5KiR1FbW1nLelo5qdNuE9w8RW2dMWaTd3-NnypFllmn2i95il-1l5fOyaMzZKdvfwUbB2ZCslgeLVMGX6XQrU_KivWwSJKV0bJLypyeXQNEG3L92vZyhGimYtshjvnGlKIWPAhgW-Ma05uQRnOqXY9xu0e5TzUEA7ycUIt6EbjL-1Qa1j9Glp_BmvC0nAg
Token: BQA6q6nmZockLa5VheT5pYqYkDBOJHUOhFEB5KiR1FbW1nLelo5qdNuE9w8RW2dMWaTd3-NnypFllmn2i95il-1l5fOyaMzZKdvfwUbB2ZCslgeLVMGX6XQrU_KivWwSJKV0bJLypyeXQNEG3L92vZyhGimYtshjvnGlKIWPAhgW-Ma05uQRnOqXY9xu0e5TzUEA7ycUIt6EbjL-1Qa1j9Glp_BmvC0nAg
Token: BQA6q6nmZockLa5VheT5pYqYkDBOJHUOhFEB5KiR1FbW1nLelo5qdNuE9w8RW2dMWaTd3-NnypFllmn2i95il-1l5fOyaMzZKdvfwUbB2ZCslgeLVMGX6XQrU_KivWwSJKV0bJLypyeXQNEG3L92vZyhGimYtshjvnGlKIWPAhgW-Ma05uQRnOqXY9xu0e5TzUEA7ycUIt6EbjL-1Qa1j9Glp_BmvC0nAg
Token: BQA6q6nmZockLa5VheT5pYqYkDBOJHUOhFEB5KiR1FbW1nLelo5qdNuE9w8RW2dMWaTd3-NnypFllmn2i95il-1l5fOyaMzZKdvfwUbB2ZCslgeLVMGX6XQrU_KivWwSJKV0bJLypyeXQNEG3L92vZyhGimYtshjvnGlKIWPAhgW-Ma05uQRnOqXY9xu0e5TzUEA7ycUIt6EbjL-1Qa1j9Glp_BmvC0nAg
Token: BQA6q6nmZockLa5VheT5pYqYkDBOJHUOhFEB5KiR1FbW1nLelo5qdNuE9w8RW2dMWaTd3-NnypFllmn2i95il-1l5fOyaMzZKdvfwUbB2ZCslgeLVMGX6XQrU_KivWwSJKV0bJLypyeXQNEG3L92vZyhGimYtshjvnGlKIWPAhgW-Ma05uQRnOqXY9xu0e5TzUEA7ycUIt6EbjL-1Qa1j9Glp_BmvC0nAg
Token: BQA6q6nmZockLa5VheT5pYqYkDBOJHUOhFEB5KiR1FbW1nLelo5qdNuE9w8RW2dMWaTd3-NnypFllmn2i95il-1l5fOyaMzZKdvfwUbB2ZCslgeLVMGX6XQrU_KivWwSJKV0bJLypyeXQNEG3L92vZyhGimYtshjvnGlKIWPAhgW-Ma05uQRnOqXY9xu0e5TzUEA7ycUIt6EbjL-1Qa1j9Glp_BmvC0nAg
Token: BQA6q6nmZockLa5VheT5pYqYkDBOJHUOhFEB5KiR1FbW1nLelo5qdNuE9w8RW2dMWaTd3-NnypFllmn2i95il-1l5fOyaMzZKdvfwUbB2ZCslgeLVMGX6XQrU_KivWwSJKV0bJLypyeXQNEG3L92vZyhGimYtshjvnGlKIWPAhgW-Ma05uQRnOqXY9xu0e5TzUEA7ycUIt6EbjL-1Qa1j9Glp_BmvC0nAg
Token: BQA6q6nmZockLa5VheT5pYqYkDBOJHUOhFEB5KiR1FbW1nLelo5qdNuE9w8RW2dMWaTd3-NnypFllmn2i95il-1l5fOyaMzZKdvfwUbB2ZCslgeLVMGX6XQrU_KivWwSJKV0bJLypyeXQNEG3L92vZyhGimYtshjvnGlKIWPAhgW-Ma05uQRnOqXY9xu0e5TzUEA7ycUIt6EbjL-1Qa1j9Glp_BmvC0nAg
Token: BQA6q6nmZockLa5VheT5pYqYkDBOJHUOhFEB5KiR1FbW1nLelo5qdNuE9w8RW2dMWaTd3-NnypFllmn2i95il-1l5fOyaMzZKdvfwUbB2ZCslgeLVMGX6XQrU_KivWwSJKV0bJLypyeXQNEG3L92vZyhGimYtshjvnGlKIWPAhgW-Ma05uQRnOqXY9xu0e5TzUEA7ycUIt6EbjL-1Qa1j9Glp_BmvC0nAg
Token: BQA6q6nmZockLa5VheT5pYqYkDBOJHUOhFEB5KiR1FbW1nLelo5qdNuE9w8RW2dMWaTd3-NnypFllmn2i95il-1l5fOyaMzZKdvfwUbB2ZCslgeLVMGX6XQrU_KivWwSJKV0bJLypyeXQNEG3L92vZyhGimYtshjvnGlKIWPAhgW-Ma05uQRnOqXY9xu0e5TzUEA7ycUIt6EbjL-1Qa1j9Glp_BmvC0nAg
Token: BQA6q6nmZockLa5VheT5pYqYkDBOJHUOhFEB5KiR1FbW1nLelo5qdNuE9w8RW2dMWaTd3-NnypFllmn2i95il-1l5fOyaMzZKdvfwUbB2ZCslgeLVMGX6XQrU_KivWwSJKV0bJLypyeXQNEG3L92vZyhGimYtshjvnGlKIWPAhgW-Ma05uQRnOqXY9xu0e5TzUEA7ycUIt6EbjL-1Qa1j9Glp_BmvC0nAg
Token: BQA6q6nmZockLa5VheT5pYqYkDBOJHUOhFEB5KiR1FbW1nLelo5qdNuE9w8RW2dMWaTd3-NnypFllmn2i95il-1l5fOyaMzZKdvfwUbB2ZCslgeLVMGX6XQrU_KivWwSJKV0bJLypyeXQNEG3L92vZyhGimYtshjvnGlKIWPAhgW-Ma05uQRnOqXY9xu0e5TzUEA7ycUIt6EbjL-1Qa1j9Glp_BmvC0nAg
Token: BQA6q6nmZockLa5VheT5pYqYkDBOJHUOhFEB5KiR1FbW1nLelo5qdNuE9w8RW2dMWaTd3-NnypFllmn2i95il-1l5fOyaMzZKdvfwUbB2ZCslgeLVMGX6XQrU_KivWwSJKV0bJLypyeXQNEG3L92vZyhGimYtshjvnGlKIWPAhgW-Ma05uQRnOqXY9xu0e5TzUEA7ycUIt6EbjL-1Qa1j9Glp_BmvC0nAg
Token: BQA6q6nmZockLa5VheT5pYqYkDBOJHUOhFEB5KiR1FbW1nLelo5qdNuE9w8RW2dMWaTd3-NnypFllmn2i95il-1l5fOyaMzZKdvfwUbB2ZCslgeLVMGX6XQrU_KivWwSJKV0bJLypyeXQNEG3L92vZyhGimYtshjvnGlKIWPAhgW-Ma05uQRnOqXY9xu0e5TzUEA7ycUIt6EbjL-1Qa1j9Glp_BmvC0nAg
Token: BQA6q6nmZockLa5VheT5pYqYkDBOJHUOhFEB5KiR1FbW1nLelo5qdNuE9w8RW2dMWaTd3-NnypFllmn2i95il-1l5fOyaMzZKdvfwUbB2ZCslgeLVMGX6XQrU_KivWwSJKV0bJLypyeXQNEG3L92vZyhGimYtshjvnGlKIWPAhgW-Ma05uQRnOqXY9xu0e5TzUEA7ycUIt6EbjL-1Qa1j9Glp_BmvC0nAg
Token: BQA6q6nmZockLa5VheT5pYqYkDBOJHUOhFEB5KiR1FbW1nLelo5qdNuE9w8RW2dMWaTd3-NnypFllmn2i95il-1l5fOyaMzZKdvfwUbB2ZCslgeLVMGX6XQrU_KivWwSJKV0bJLypyeXQNEG3L92vZyhGimYtshjvnGlKIWPAhgW-Ma05uQRnOqXY9xu0e5TzUEA7ycUIt6EbjL-1Qa1j9Glp_BmvC0nAg
Token: BQA6q6nmZockLa5VheT5pYqYkDBOJHUOhFEB5KiR1FbW1nLelo5qdNuE9w8RW2dMWaTd3-NnypFllmn2i95il-1l5fOyaMzZKdvfwUbB2ZCslgeLVMGX6XQrU_KivWwSJKV0bJLypyeXQNEG3L92vZyhGimYtshjvnGlKIWPAhgW-Ma05uQRnOqXY9xu0e5TzUEA7ycUIt6EbjL-1Qa1j9Glp_BmvC0nAg
Token: BQA6q6nmZockLa5VheT5pYqYkDBOJHUOhFEB5KiR1FbW1nLelo5qdNuE9w8RW2dMWaTd3-NnypFllmn2i95il-1l5fOyaMzZKdvfwUbB2ZCslgeLVMGX6XQrU_KivWwSJKV0bJLypyeXQNEG3L92vZyhGimYtshjvnGlKIWPAhgW-Ma05uQRnOqXY9xu0e5TzUEA7ycUIt6EbjL-1Qa1j9Glp_BmvC0nAg
Token: BQA6q6nmZockLa5VheT5pYqYkDBOJHUOhFEB5KiR1FbW1nLelo5qdNuE9w8RW2dMWaTd3-NnypFllmn2i95il-1l5fOyaMzZKdvfwUbB2ZCslgeLVMGX6XQrU_KivWwSJKV0bJLypyeXQNEG3L92vZyhGimYtshjvnGlKIWPAhgW-Ma05uQRnOqXY9xu0e5TzUEA7ycUIt6EbjL-1Qa1j9Glp_BmvC0nAg
Token: BQA6q6nmZockLa5VheT5pYqYkDBOJHUOhFEB5KiR1FbW1nLelo5qdNuE9w8RW2dMWaTd3-NnypFllmn2i95il-1l5fOyaMzZKdvfwUbB2ZCslgeLVMGX6XQrU_KivWwSJKV0bJLypyeXQNEG3L92vZyhGimYtshjvnGlKIWPAhgW-Ma05uQRnOqXY9xu0e5TzUEA7ycUIt6EbjL-1Qa1j9Glp_BmvC0nAg
Token: BQA6q6nmZockLa5VheT5pYqYkDBOJHUOhFEB5KiR1FbW1nLelo5qdNuE9w8RW2dMWaTd3-NnypFllmn2i95il-1l5fOyaMzZKdvfwUbB2ZCslgeLVMGX6XQrU_KivWwSJKV0bJLypyeXQNEG3L92vZyhGimYtshjvnGlKIWPAhgW-Ma05uQRnOqXY9xu0e5TzUEA7ycUIt6EbjL-1Qa1j9Glp_BmvC0nAg
Token: BQA6q6nmZockLa5VheT5pYqYkDBOJHUOhFEB5KiR1FbW1nLelo5qdNuE9w8RW2dMWaTd3-NnypFllmn2i95il-1l5fOyaMzZKdvfwUbB2ZCslgeLVMGX6XQrU_KivWwSJKV0bJLypyeXQNEG3L92vZyhGimYtshjvnGlKIWPAhgW-Ma05uQRnOqXY9xu0e5TzUEA7ycUIt6EbjL-1Qa1j9Glp_BmvC0nAg
Token: BQA6q6nmZockLa5VheT5pYqYkDBOJHUOhFEB5KiR1FbW1nLelo5qdNuE9w8RW2dMWaTd3-NnypFllmn2i95il-1l5fOyaMzZKdvfwUbB2ZCslgeLVMGX6XQrU_KivWwSJKV0bJLypyeXQNEG3L92vZyhGimYtshjvnGlKIWPAhgW-Ma05uQRnOqXY9xu0e5TzUEA7ycUIt6EbjL-1Qa1j9Glp_BmvC0nAg
Token: BQAXJcJQzsFkDdDUpm4AcF-x_6p9IL73d2ItzambW9u-1snbAcgGVFFK_d1EDpVNPSgZYKlEhQ6SRFzNhZvT4Pq_xmrIrfngV9vuogTk0xkhejTafz1kdmUtRfmHC6BFKYz_M7Zut0ZcO-tX5-C-QLeCZ56CIH2sFH1K1Hj7BvbfVzSiA0z4vuTmnI2BF5X8h15KvIH2V0lAyZQGgqY-DC23WUoD
Token: BQAXJcJQzsFkDdDUpm4AcF-x_6p9IL73d2ItzambW9u-1snbAcgGVFFK_d1EDpVNPSgZYKlEhQ6SRFzNhZvT4Pq_xmrIrfngV9vuogTk0xkhejTafz1kdmUtRfmHC6BFKYz_M7Zut0ZcO-tX5-C-QLeCZ56CIH2sFH1K1Hj7BvbfVzSiA0z4vuTmnI2BF5X8h15KvIH2V0lAyZQGgqY-DC23WUoD
Token: BQAXJcJQzsFkDdDUpm4AcF-x_6p9IL73d2ItzambW9u-1snbAcgGVFFK_d1EDpVNPSgZYKlEhQ6SRFzNhZvT4Pq_xmrIrfngV9vuogTk0xkhejTafz1kdmUtRfmHC6BFKYz_M7Zut0ZcO-tX5-C-QLeCZ56CIH2sFH1K1Hj7BvbfVzSiA0z4vuTmnI2BF5X8h15KvIH2V0lAyZQGgqY-DC23WUoD
Token: BQAXJcJQzsFkDdDUpm4AcF-x_6p9IL73d2ItzambW9u-1snbAcgGVFFK_d1EDpVNPSgZYKlEhQ6SRFzNhZvT4Pq_xmrIrfngV9vuogTk0xkhejTafz1kdmUtRfmHC6BFKYz_M7Zut0ZcO-tX5-C-QLeCZ56CIH2sFH1K1Hj7BvbfVzSiA0z4vuTmnI2BF5X8h15KvIH2V0lAyZQGgqY-DC23WUoD
Token: BQAXJcJQzsFkDdDUpm4AcF-x_6p9IL73d2ItzambW9u-1snbAcgGVFFK_d1EDpVNPSgZYKlEhQ6SRFzNhZvT4Pq_xmrIrfngV9vuogTk0xkhejTafz1kdmUtRfmHC6BFKYz_M7Zut0ZcO-tX5-C-QLeCZ56CIH2sFH1K1Hj7BvbfVzSiA0z4vuTmnI2BF5X8h15KvIH2V0lAyZQGgqY-DC23WUoD
Token: BQBG-hywac-zXiTfKmlSZSW3t3Qwvhp0qs84lcVJD2w7nX-HBclroeIDew_bOdqH7K8ntZTf-gDf0aTvqGwdiEpz1UD1xHgpyMXw9dhu2wB9E8MqITIECDnNsrCarhfjJIof1xWmp3Q_3a_lG4dlJdJMUJmqvc-tg_YClbftK_vgLIfwuklay4pLs0BenEB5_zmKNvFW2OjrMSEy8OzfkOdZkSWuSp-fpA
Token: BQBG-hywac-zXiTfKmlSZSW3t3Qwvhp0qs84lcVJD2w7nX-HBclroeIDew_bOdqH7K8ntZTf-gDf0aTvqGwdiEpz1UD1xHgpyMXw9dhu2wB9E8MqITIECDnNsrCarhfjJIof1xWmp3Q_3a_lG4dlJdJMUJmqvc-tg_YClbftK_vgLIfwuklay4pLs0BenEB5_zmKNvFW2OjrMSEy8OzfkOdZkSWuSp-fpA
Token: BQBG-hywac-zXiTfKmlSZSW3t3Qwvhp0qs84lcVJD2w7nX-HBclroeIDew_bOdqH7K8ntZTf-gDf0aTvqGwdiEpz1UD1xHgpyMXw9dhu2wB9E8MqITIECDnNsrCarhfjJIof1xWmp3Q_3a_lG4dlJdJMUJmqvc-tg_YClbftK_vgLIfwuklay4pLs0BenEB5_zmKNvFW2OjrMSEy8OzfkOdZkSWuSp-fpA
Token: BQBG-hywac-zXiTfKmlSZSW3t3Qwvhp0qs84lcVJD2w7nX-HBclroeIDew_bOdqH7K8ntZTf-gDf0aTvqGwdiEpz1UD1xHgpyMXw9dhu2wB9E8MqITIECDnNsrCarhfjJIof1xWmp3Q_3a_lG4dlJdJMUJmqvc-tg_YClbftK_vgLIfwuklay4pLs0BenEB5_zmKNvFW2OjrMSEy8OzfkOdZkSWuSp-fpA
Token: BQBG-hywac-zXiTfKmlSZSW3t3Qwvhp0qs84lcVJD2w7nX-HBclroeIDew_bOdqH7K8ntZTf-gDf0aTvqGwdiEpz1UD1xHgpyMXw9dhu2wB9E8MqITIECDnNsrCarhfjJIof1xWmp3Q_3a_lG4dlJdJMUJmqvc-tg_YClbftK_vgLIfwuklay4pLs0BenEB5_zmKNvFW2OjrMSEy8OzfkOdZkSWuSp-fpA
Token: BQBG-hywac-zXiTfKmlSZSW3t3Qwvhp0qs84lcVJD2w7nX-HBclroeIDew_bOdqH7K8ntZTf-gDf0aTvqGwdiEpz1UD1xHgpyMXw9dhu2wB9E8MqITIECDnNsrCarhfjJIof1xWmp3Q_3a_lG4dlJdJMUJmqvc-tg_YClbftK_vgLIfwuklay4pLs0BenEB5_zmKNvFW2OjrMSEy8OzfkOdZkSWuSp-fpA
Token: BQBG-hywac-zXiTfKmlSZSW3t3Qwvhp0qs84lcVJD2w7nX-HBclroeIDew_bOdqH7K8ntZTf-gDf0aTvqGwdiEpz1UD1xHgpyMXw9dhu2wB9E8MqITIECDnNsrCarhfjJIof1xWmp3Q_3a_lG4dlJdJMUJmqvc-tg_YClbftK_vgLIfwuklay4pLs0BenEB5_zmKNvFW2OjrMSEy8OzfkOdZkSWuSp-fpA
Token: BQBG-hywac-zXiTfKmlSZSW3t3Qwvhp0qs84lcVJD2w7nX-HBclroeIDew_bOdqH7K8ntZTf-gDf0aTvqGwdiEpz1UD1xHgpyMXw9dhu2wB9E8MqITIECDnNsrCarhfjJIof1xWmp3Q_3a_lG4dlJdJMUJmqvc-tg_YClbftK_vgLIfwuklay4pLs0BenEB5_zmKNvFW2OjrMSEy8OzfkOdZkSWuSp-fpA
Token: BQBG-hywac-zXiTfKmlSZSW3t3Qwvhp0qs84lcVJD2w7nX-HBclroeIDew_bOdqH7K8ntZTf-gDf0aTvqGwdiEpz1UD1xHgpyMXw9dhu2wB9E8MqITIECDnNsrCarhfjJIof1xWmp3Q_3a_lG4dlJdJMUJmqvc-tg_YClbftK_vgLIfwuklay4pLs0BenEB5_zmKNvFW2OjrMSEy8OzfkOdZkSWuSp-fpA
Token: BQBG-hywac-zXiTfKmlSZSW3t3Qwvhp0qs84lcVJD2w7nX-HBclroeIDew_bOdqH7K8ntZTf-gDf0aTvqGwdiEpz1UD1xHgpyMXw9dhu2wB9E8MqITIECDnNsrCarhfjJIof1xWmp3Q_3a_lG4dlJdJMUJmqvc-tg_YClbftK_vgLIfwuklay4pLs0BenEB5_zmKNvFW2OjrMSEy8OzfkOdZkSWuSp-fpA
Token: BQBG-hywac-zXiTfKmlSZSW3t3Qwvhp0qs84lcVJD2w7nX-HBclroeIDew_bOdqH7K8ntZTf-gDf0aTvqGwdiEpz1UD1xHgpyMXw9dhu2wB9E8MqITIECDnNsrCarhfjJIof1xWmp3Q_3a_lG4dlJdJMUJmqvc-tg_YClbftK_vgLIfwuklay4pLs0BenEB5_zmKNvFW2OjrMSEy8OzfkOdZkSWuSp-fpA
Token: BQBG-hywac-zXiTfKmlSZSW3t3Qwvhp0qs84lcVJD2w7nX-HBclroeIDew_bOdqH7K8ntZTf-gDf0aTvqGwdiEpz1UD1xHgpyMXw9dhu2wB9E8MqITIECDnNsrCarhfjJIof1xWmp3Q_3a_lG4dlJdJMUJmqvc-tg_YClbftK_vgLIfwuklay4pLs0BenEB5_zmKNvFW2OjrMSEy8OzfkOdZkSWuSp-fpA
Token: BQBG-hywac-zXiTfKmlSZSW3t3Qwvhp0qs84lcVJD2w7nX-HBclroeIDew_bOdqH7K8ntZTf-gDf0aTvqGwdiEpz1UD1xHgpyMXw9dhu2wB9E8MqITIECDnNsrCarhfjJIof1xWmp3Q_3a_lG4dlJdJMUJmqvc-tg_YClbftK_vgLIfwuklay4pLs0BenEB5_zmKNvFW2OjrMSEy8OzfkOdZkSWuSp-fpA
Token: BQBG-hywac-zXiTfKmlSZSW3t3Qwvhp0qs84lcVJD2w7nX-HBclroeIDew_bOdqH7K8ntZTf-gDf0aTvqGwdiEpz1UD1xHgpyMXw9dhu2wB9E8MqITIECDnNsrCarhfjJIof1xWmp3Q_3a_lG4dlJdJMUJmqvc-tg_YClbftK_vgLIfwuklay4pLs0BenEB5_zmKNvFW2OjrMSEy8OzfkOdZkSWuSp-fpA
Token: BQBG-hywac-zXiTfKmlSZSW3t3Qwvhp0qs84lcVJD2w7nX-HBclroeIDew_bOdqH7K8ntZTf-gDf0aTvqGwdiEpz1UD1xHgpyMXw9dhu2wB9E8MqITIECDnNsrCarhfjJIof1xWmp3Q_3a_lG4dlJdJMUJmqvc-tg_YClbftK_vgLIfwuklay4pLs0BenEB5_zmKNvFW2OjrMSEy8OzfkOdZkSWuSp-fpA
Token: BQBG-hywac-zXiTfKmlSZSW3t3Qwvhp0qs84lcVJD2w7nX-HBclroeIDew_bOdqH7K8ntZTf-gDf0aTvqGwdiEpz1UD1xHgpyMXw9dhu2wB9E8MqITIECDnNsrCarhfjJIof1xWmp3Q_3a_lG4dlJdJMUJmqvc-tg_YClbftK_vgLIfwuklay4pLs0BenEB5_zmKNvFW2OjrMSEy8OzfkOdZkSWuSp-fpA
Token: BQBG-hywac-zXiTfKmlSZSW3t3Qwvhp0qs84lcVJD2w7nX-HBclroeIDew_bOdqH7K8ntZTf-gDf0aTvqGwdiEpz1UD1xHgpyMXw9dhu2wB9E8MqITIECDnNsrCarhfjJIof1xWmp3Q_3a_lG4dlJdJMUJmqvc-tg_YClbftK_vgLIfwuklay4pLs0BenEB5_zmKNvFW2OjrMSEy8OzfkOdZkSWuSp-fpA
Token: BQBG-hywac-zXiTfKmlSZSW3t3Qwvhp0qs84lcVJD2w7nX-HBclroeIDew_bOdqH7K8ntZTf-gDf0aTvqGwdiEpz1UD1xHgpyMXw9dhu2wB9E8MqITIECDnNsrCarhfjJIof1xWmp3Q_3a_lG4dlJdJMUJmqvc-tg_YClbftK_vgLIfwuklay4pLs0BenEB5_zmKNvFW2OjrMSEy8OzfkOdZkSWuSp-fpA
Token: BQBG-hywac-zXiTfKmlSZSW3t3Qwvhp0qs84lcVJD2w7nX-HBclroeIDew_bOdqH7K8ntZTf-gDf0aTvqGwdiEpz1UD1xHgpyMXw9dhu2wB9E8MqITIECDnNsrCarhfjJIof1xWmp3Q_3a_lG4dlJdJMUJmqvc-tg_YClbftK_vgLIfwuklay4pLs0BenEB5_zmKNvFW2OjrMSEy8OzfkOdZkSWuSp-fpA
Token: BQBG-hywac-zXiTfKmlSZSW3t3Qwvhp0qs84lcVJD2w7nX-HBclroeIDew_bOdqH7K8ntZTf-gDf0aTvqGwdiEpz1UD1xHgpyMXw9dhu2wB9E8MqITIECDnNsrCarhfjJIof1xWmp3Q_3a_lG4dlJdJMUJmqvc-tg_YClbftK_vgLIfwuklay4pLs0BenEB5_zmKNvFW2OjrMSEy8OzfkOdZkSWuSp-fpA
Token: BQBG-hywac-zXiTfKmlSZSW3t3Qwvhp0qs84lcVJD2w7nX-HBclroeIDew_bOdqH7K8ntZTf-gDf0aTvqGwdiEpz1UD1xHgpyMXw9dhu2wB9E8MqITIECDnNsrCarhfjJIof1xWmp3Q_3a_lG4dlJdJMUJmqvc-tg_YClbftK_vgLIfwuklay4pLs0BenEB5_zmKNvFW2OjrMSEy8OzfkOdZkSWuSp-fpA
Token: BQBG-hywac-zXiTfKmlSZSW3t3Qwvhp0qs84lcVJD2w7nX-HBclroeIDew_bOdqH7K8ntZTf-gDf0aTvqGwdiEpz1UD1xHgpyMXw9dhu2wB9E8MqITIECDnNsrCarhfjJIof1xWmp3Q_3a_lG4dlJdJMUJmqvc-tg_YClbftK_vgLIfwuklay4pLs0BenEB5_zmKNvFW2OjrMSEy8OzfkOdZkSWuSp-fpA
Token: BQBG-hywac-zXiTfKmlSZSW3t3Qwvhp0qs84lcVJD2w7nX-HBclroeIDew_bOdqH7K8ntZTf-gDf0aTvqGwdiEpz1UD1xHgpyMXw9dhu2wB9E8MqITIECDnNsrCarhfjJIof1xWmp3Q_3a_lG4dlJdJMUJmqvc-tg_YClbftK_vgLIfwuklay4pLs0BenEB5_zmKNvFW2OjrMSEy8OzfkOdZkSWuSp-fpA
Token: BQBG-hywac-zXiTfKmlSZSW3t3Qwvhp0qs84lcVJD2w7nX-HBclroeIDew_bOdqH7K8ntZTf-gDf0aTvqGwdiEpz1UD1xHgpyMXw9dhu2wB9E8MqITIECDnNsrCarhfjJIof1xWmp3Q_3a_lG4dlJdJMUJmqvc-tg_YClbftK_vgLIfwuklay4pLs0BenEB5_zmKNvFW2OjrMSEy8OzfkOdZkSWuSp-fpA
Token: BQBG-hywac-zXiTfKmlSZSW3t3Qwvhp0qs84lcVJD2w7nX-HBclroeIDew_bOdqH7K8ntZTf-gDf0aTvqGwdiEpz1UD1xHgpyMXw9dhu2wB9E8MqITIECDnNsrCarhfjJIof1xWmp3Q_3a_lG4dlJdJMUJmqvc-tg_YClbftK_vgLIfwuklay4pLs0BenEB5_zmKNvFW2OjrMSEy8OzfkOdZkSWuSp-fpA
Token: BQBG-hywac-zXiTfKmlSZSW3t3Qwvhp0qs84lcVJD2w7nX-HBclroeIDew_bOdqH7K8ntZTf-gDf0aTvqGwdiEpz1UD1xHgpyMXw9dhu2wB9E8MqITIECDnNsrCarhfjJIof1xWmp3Q_3a_lG4dlJdJMUJmqvc-tg_YClbftK_vgLIfwuklay4pLs0BenEB5_zmKNvFW2OjrMSEy8OzfkOdZkSWuSp-fpA
Token: BQBG-hywac-zXiTfKmlSZSW3t3Qwvhp0qs84lcVJD2w7nX-HBclroeIDew_bOdqH7K8ntZTf-gDf0aTvqGwdiEpz1UD1xHgpyMXw9dhu2wB9E8MqITIECDnNsrCarhfjJIof1xWmp3Q_3a_lG4dlJdJMUJmqvc-tg_YClbftK_vgLIfwuklay4pLs0BenEB5_zmKNvFW2OjrMSEy8OzfkOdZkSWuSp-fpA
Token: BQBG-hywac-zXiTfKmlSZSW3t3Qwvhp0qs84lcVJD2w7nX-HBclroeIDew_bOdqH7K8ntZTf-gDf0aTvqGwdiEpz1UD1xHgpyMXw9dhu2wB9E8MqITIECDnNsrCarhfjJIof1xWmp3Q_3a_lG4dlJdJMUJmqvc-tg_YClbftK_vgLIfwuklay4pLs0BenEB5_zmKNvFW2OjrMSEy8OzfkOdZkSWuSp-fpA
Token: BQBG-hywac-zXiTfKmlSZSW3t3Qwvhp0qs84lcVJD2w7nX-HBclroeIDew_bOdqH7K8ntZTf-gDf0aTvqGwdiEpz1UD1xHgpyMXw9dhu2wB9E8MqITIECDnNsrCarhfjJIof1xWmp3Q_3a_lG4dlJdJMUJmqvc-tg_YClbftK_vgLIfwuklay4pLs0BenEB5_zmKNvFW2OjrMSEy8OzfkOdZkSWuSp-fpA
Token: BQBG-hywac-zXiTfKmlSZSW3t3Qwvhp0qs84lcVJD2w7nX-HBclroeIDew_bOdqH7K8ntZTf-gDf0aTvqGwdiEpz1UD1xHgpyMXw9dhu2wB9E8MqITIECDnNsrCarhfjJIof1xWmp3Q_3a_lG4dlJdJMUJmqvc-tg_YClbftK_vgLIfwuklay4pLs0BenEB5_zmKNvFW2OjrMSEy8OzfkOdZkSWuSp-fpA
Token: BQBG-hywac-zXiTfKmlSZSW3t3Qwvhp0qs84lcVJD2w7nX-HBclroeIDew_bOdqH7K8ntZTf-gDf0aTvqGwdiEpz1UD1xHgpyMXw9dhu2wB9E8MqITIECDnNsrCarhfjJIof1xWmp3Q_3a_lG4dlJdJMUJmqvc-tg_YClbftK_vgLIfwuklay4pLs0BenEB5_zmKNvFW2OjrMSEy8OzfkOdZkSWuSp-fpA
Token: BQBG-hywac-zXiTfKmlSZSW3t3Qwvhp0qs84lcVJD2w7nX-HBclroeIDew_bOdqH7K8ntZTf-gDf0aTvqGwdiEpz1UD1xHgpyMXw9dhu2wB9E8MqITIECDnNsrCarhfjJIof1xWmp3Q_3a_lG4dlJdJMUJmqvc-tg_YClbftK_vgLIfwuklay4pLs0BenEB5_zmKNvFW2OjrMSEy8OzfkOdZkSWuSp-fpA
Token: BQBG-hywac-zXiTfKmlSZSW3t3Qwvhp0qs84lcVJD2w7nX-HBclroeIDew_bOdqH7K8ntZTf-gDf0aTvqGwdiEpz1UD1xHgpyMXw9dhu2wB9E8MqITIECDnNsrCarhfjJIof1xWmp3Q_3a_lG4dlJdJMUJmqvc-tg_YClbftK_vgLIfwuklay4pLs0BenEB5_zmKNvFW2OjrMSEy8OzfkOdZkSWuSp-fpA
Token: BQBG-hywac-zXiTfKmlSZSW3t3Qwvhp0qs84lcVJD2w7nX-HBclroeIDew_bOdqH7K8ntZTf-gDf0aTvqGwdiEpz1UD1xHgpyMXw9dhu2wB9E8MqITIECDnNsrCarhfjJIof1xWmp3Q_3a_lG4dlJdJMUJmqvc-tg_YClbftK_vgLIfwuklay4pLs0BenEB5_zmKNvFW2OjrMSEy8OzfkOdZkSWuSp-fpA
Token: BQBG-hywac-zXiTfKmlSZSW3t3Qwvhp0qs84lcVJD2w7nX-HBclroeIDew_bOdqH7K8ntZTf-gDf0aTvqGwdiEpz1UD1xHgpyMXw9dhu2wB9E8MqITIECDnNsrCarhfjJIof1xWmp3Q_3a_lG4dlJdJMUJmqvc-tg_YClbftK_vgLIfwuklay4pLs0BenEB5_zmKNvFW2OjrMSEy8OzfkOdZkSWuSp-fpA
Token: BQBG-hywac-zXiTfKmlSZSW3t3Qwvhp0qs84lcVJD2w7nX-HBclroeIDew_bOdqH7K8ntZTf-gDf0aTvqGwdiEpz1UD1xHgpyMXw9dhu2wB9E8MqITIECDnNsrCarhfjJIof1xWmp3Q_3a_lG4dlJdJMUJmqvc-tg_YClbftK_vgLIfwuklay4pLs0BenEB5_zmKNvFW2OjrMSEy8OzfkOdZkSWuSp-fpA
Token: BQBG-hywac-zXiTfKmlSZSW3t3Qwvhp0qs84lcVJD2w7nX-HBclroeIDew_bOdqH7K8ntZTf-gDf0aTvqGwdiEpz1UD1xHgpyMXw9dhu2wB9E8MqITIECDnNsrCarhfjJIof1xWmp3Q_3a_lG4dlJdJMUJmqvc-tg_YClbftK_vgLIfwuklay4pLs0BenEB5_zmKNvFW2OjrMSEy8OzfkOdZkSWuSp-fpA
Token: BQBG-hywac-zXiTfKmlSZSW3t3Qwvhp0qs84lcVJD2w7nX-HBclroeIDew_bOdqH7K8ntZTf-gDf0aTvqGwdiEpz1UD1xHgpyMXw9dhu2wB9E8MqITIECDnNsrCarhfjJIof1xWmp3Q_3a_lG4dlJdJMUJmqvc-tg_YClbftK_vgLIfwuklay4pLs0BenEB5_zmKNvFW2OjrMSEy8OzfkOdZkSWuSp-fpA
Token: BQBG-hywac-zXiTfKmlSZSW3t3Qwvhp0qs84lcVJD2w7nX-HBclroeIDew_bOdqH7K8ntZTf-gDf0aTvqGwdiEpz1UD1xHgpyMXw9dhu2wB9E8MqITIECDnNsrCarhfjJIof1xWmp3Q_3a_lG4dlJdJMUJmqvc-tg_YClbftK_vgLIfwuklay4pLs0BenEB5_zmKNvFW2OjrMSEy8OzfkOdZkSWuSp-fpA
Token: BQBG-hywac-zXiTfKmlSZSW3t3Qwvhp0qs84lcVJD2w7nX-HBclroeIDew_bOdqH7K8ntZTf-gDf0aTvqGwdiEpz1UD1xHgpyMXw9dhu2wB9E8MqITIECDnNsrCarhfjJIof1xWmp3Q_3a_lG4dlJdJMUJmqvc-tg_YClbftK_vgLIfwuklay4pLs0BenEB5_zmKNvFW2OjrMSEy8OzfkOdZkSWuSp-fpA
Token: BQBG-hywac-zXiTfKmlSZSW3t3Qwvhp0qs84lcVJD2w7nX-HBclroeIDew_bOdqH7K8ntZTf-gDf0aTvqGwdiEpz1UD1xHgpyMXw9dhu2wB9E8MqITIECDnNsrCarhfjJIof1xWmp3Q_3a_lG4dlJdJMUJmqvc-tg_YClbftK_vgLIfwuklay4pLs0BenEB5_zmKNvFW2OjrMSEy8OzfkOdZkSWuSp-fpA
Token: BQBG-hywac-zXiTfKmlSZSW3t3Qwvhp0qs84lcVJD2w7nX-HBclroeIDew_bOdqH7K8ntZTf-gDf0aTvqGwdiEpz1UD1xHgpyMXw9dhu2wB9E8MqITIECDnNsrCarhfjJIof1xWmp3Q_3a_lG4dlJdJMUJmqvc-tg_YClbftK_vgLIfwuklay4pLs0BenEB5_zmKNvFW2OjrMSEy8OzfkOdZkSWuSp-fpA
Token: BQBG-hywac-zXiTfKmlSZSW3t3Qwvhp0qs84lcVJD2w7nX-HBclroeIDew_bOdqH7K8ntZTf-gDf0aTvqGwdiEpz1UD1xHgpyMXw9dhu2wB9E8MqITIECDnNsrCarhfjJIof1xWmp3Q_3a_lG4dlJdJMUJmqvc-tg_YClbftK_vgLIfwuklay4pLs0BenEB5_zmKNvFW2OjrMSEy8OzfkOdZkSWuSp-fpA
Token: BQBG-hywac-zXiTfKmlSZSW3t3Qwvhp0qs84lcVJD2w7nX-HBclroeIDew_bOdqH7K8ntZTf-gDf0aTvqGwdiEpz1UD1xHgpyMXw9dhu2wB9E8MqITIECDnNsrCarhfjJIof1xWmp3Q_3a_lG4dlJdJMUJmqvc-tg_YClbftK_vgLIfwuklay4pLs0BenEB5_zmKNvFW2OjrMSEy8OzfkOdZkSWuSp-fpA
Token: BQBG-hywac-zXiTfKmlSZSW3t3Qwvhp0qs84lcVJD2w7nX-HBclroeIDew_bOdqH7K8ntZTf-gDf0aTvqGwdiEpz1UD1xHgpyMXw9dhu2wB9E8MqITIECDnNsrCarhfjJIof1xWmp3Q_3a_lG4dlJdJMUJmqvc-tg_YClbftK_vgLIfwuklay4pLs0BenEB5_zmKNvFW2OjrMSEy8OzfkOdZkSWuSp-fpA
Token: BQBG-hywac-zXiTfKmlSZSW3t3Qwvhp0qs84lcVJD2w7nX-HBclroeIDew_bOdqH7K8ntZTf-gDf0aTvqGwdiEpz1UD1xHgpyMXw9dhu2wB9E8MqITIECDnNsrCarhfjJIof1xWmp3Q_3a_lG4dlJdJMUJmqvc-tg_YClbftK_vgLIfwuklay4pLs0BenEB5_zmKNvFW2OjrMSEy8OzfkOdZkSWuSp-fpA
Token: BQBG-hywac-zXiTfKmlSZSW3t3Qwvhp0qs84lcVJD2w7nX-HBclroeIDew_bOdqH7K8ntZTf-gDf0aTvqGwdiEpz1UD1xHgpyMXw9dhu2wB9E8MqITIECDnNsrCarhfjJIof1xWmp3Q_3a_lG4dlJdJMUJmqvc-tg_YClbftK_vgLIfwuklay4pLs0BenEB5_zmKNvFW2OjrMSEy8OzfkOdZkSWuSp-fpA
Token: BQBG-hywac-zXiTfKmlSZSW3t3Qwvhp0qs84lcVJD2w7nX-HBclroeIDew_bOdqH7K8ntZTf-gDf0aTvqGwdiEpz1UD1xHgpyMXw9dhu2wB9E8MqITIECDnNsrCarhfjJIof1xWmp3Q_3a_lG4dlJdJMUJmqvc-tg_YClbftK_vgLIfwuklay4pLs0BenEB5_zmKNvFW2OjrMSEy8OzfkOdZkSWuSp-fpA
Token: BQBG-hywac-zXiTfKmlSZSW3t3Qwvhp0qs84lcVJD2w7nX-HBclroeIDew_bOdqH7K8ntZTf-gDf0aTvqGwdiEpz1UD1xHgpyMXw9dhu2wB9E8MqITIECDnNsrCarhfjJIof1xWmp3Q_3a_lG4dlJdJMUJmqvc-tg_YClbftK_vgLIfwuklay4pLs0BenEB5_zmKNvFW2OjrMSEy8OzfkOdZkSWuSp-fpA
Token: BQBG-hywac-zXiTfKmlSZSW3t3Qwvhp0qs84lcVJD2w7nX-HBclroeIDew_bOdqH7K8ntZTf-gDf0aTvqGwdiEpz1UD1xHgpyMXw9dhu2wB9E8MqITIECDnNsrCarhfjJIof1xWmp3Q_3a_lG4dlJdJMUJmqvc-tg_YClbftK_vgLIfwuklay4pLs0BenEB5_zmKNvFW2OjrMSEy8OzfkOdZkSWuSp-fpA
Token: BQBG-hywac-zXiTfKmlSZSW3t3Qwvhp0qs84lcVJD2w7nX-HBclroeIDew_bOdqH7K8ntZTf-gDf0aTvqGwdiEpz1UD1xHgpyMXw9dhu2wB9E8MqITIECDnNsrCarhfjJIof1xWmp3Q_3a_lG4dlJdJMUJmqvc-tg_YClbftK_vgLIfwuklay4pLs0BenEB5_zmKNvFW2OjrMSEy8OzfkOdZkSWuSp-fpA
Token: BQBG-hywac-zXiTfKmlSZSW3t3Qwvhp0qs84lcVJD2w7nX-HBclroeIDew_bOdqH7K8ntZTf-gDf0aTvqGwdiEpz1UD1xHgpyMXw9dhu2wB9E8MqITIECDnNsrCarhfjJIof1xWmp3Q_3a_lG4dlJdJMUJmqvc-tg_YClbftK_vgLIfwuklay4pLs0BenEB5_zmKNvFW2OjrMSEy8OzfkOdZkSWuSp-fpA
Token: BQBG-hywac-zXiTfKmlSZSW3t3Qwvhp0qs84lcVJD2w7nX-HBclroeIDew_bOdqH7K8ntZTf-gDf0aTvqGwdiEpz1UD1xHgpyMXw9dhu2wB9E8MqITIECDnNsrCarhfjJIof1xWmp3Q_3a_lG4dlJdJMUJmqvc-tg_YClbftK_vgLIfwuklay4pLs0BenEB5_zmKNvFW2OjrMSEy8OzfkOdZkSWuSp-fpA
Token: BQBG-hywac-zXiTfKmlSZSW3t3Qwvhp0qs84lcVJD2w7nX-HBclroeIDew_bOdqH7K8ntZTf-gDf0aTvqGwdiEpz1UD1xHgpyMXw9dhu2wB9E8MqITIECDnNsrCarhfjJIof1xWmp3Q_3a_lG4dlJdJMUJmqvc-tg_YClbftK_vgLIfwuklay4pLs0BenEB5_zmKNvFW2OjrMSEy8OzfkOdZkSWuSp-fpA
Token: BQBG-hywac-zXiTfKmlSZSW3t3Qwvhp0qs84lcVJD2w7nX-HBclroeIDew_bOdqH7K8ntZTf-gDf0aTvqGwdiEpz1UD1xHgpyMXw9dhu2wB9E8MqITIECDnNsrCarhfjJIof1xWmp3Q_3a_lG4dlJdJMUJmqvc-tg_YClbftK_vgLIfwuklay4pLs0BenEB5_zmKNvFW2OjrMSEy8OzfkOdZkSWuSp-fpA
Token: BQBG-hywac-zXiTfKmlSZSW3t3Qwvhp0qs84lcVJD2w7nX-HBclroeIDew_bOdqH7K8ntZTf-gDf0aTvqGwdiEpz1UD1xHgpyMXw9dhu2wB9E8MqITIECDnNsrCarhfjJIof1xWmp3Q_3a_lG4dlJdJMUJmqvc-tg_YClbftK_vgLIfwuklay4pLs0BenEB5_zmKNvFW2OjrMSEy8OzfkOdZkSWuSp-fpA
Token: BQBG-hywac-zXiTfKmlSZSW3t3Qwvhp0qs84lcVJD2w7nX-HBclroeIDew_bOdqH7K8ntZTf-gDf0aTvqGwdiEpz1UD1xHgpyMXw9dhu2wB9E8MqITIECDnNsrCarhfjJIof1xWmp3Q_3a_lG4dlJdJMUJmqvc-tg_YClbftK_vgLIfwuklay4pLs0BenEB5_zmKNvFW2OjrMSEy8OzfkOdZkSWuSp-fpA
Token: BQBG-hywac-zXiTfKmlSZSW3t3Qwvhp0qs84lcVJD2w7nX-HBclroeIDew_bOdqH7K8ntZTf-gDf0aTvqGwdiEpz1UD1xHgpyMXw9dhu2wB9E8MqITIECDnNsrCarhfjJIof1xWmp3Q_3a_lG4dlJdJMUJmqvc-tg_YClbftK_vgLIfwuklay4pLs0BenEB5_zmKNvFW2OjrMSEy8OzfkOdZkSWuSp-fpA
Token: BQBG-hywac-zXiTfKmlSZSW3t3Qwvhp0qs84lcVJD2w7nX-HBclroeIDew_bOdqH7K8ntZTf-gDf0aTvqGwdiEpz1UD1xHgpyMXw9dhu2wB9E8MqITIECDnNsrCarhfjJIof1xWmp3Q_3a_lG4dlJdJMUJmqvc-tg_YClbftK_vgLIfwuklay4pLs0BenEB5_zmKNvFW2OjrMSEy8OzfkOdZkSWuSp-fpA
Token: BQBG-hywac-zXiTfKmlSZSW3t3Qwvhp0qs84lcVJD2w7nX-HBclroeIDew_bOdqH7K8ntZTf-gDf0aTvqGwdiEpz1UD1xHgpyMXw9dhu2wB9E8MqITIECDnNsrCarhfjJIof1xWmp3Q_3a_lG4dlJdJMUJmqvc-tg_YClbftK_vgLIfwuklay4pLs0BenEB5_zmKNvFW2OjrMSEy8OzfkOdZkSWuSp-fpA
Token: BQBG-hywac-zXiTfKmlSZSW3t3Qwvhp0qs84lcVJD2w7nX-HBclroeIDew_bOdqH7K8ntZTf-gDf0aTvqGwdiEpz1UD1xHgpyMXw9dhu2wB9E8MqITIECDnNsrCarhfjJIof1xWmp3Q_3a_lG4dlJdJMUJmqvc-tg_YClbftK_vgLIfwuklay4pLs0BenEB5_zmKNvFW2OjrMSEy8OzfkOdZkSWuSp-fpA
Token: BQBG-hywac-zXiTfKmlSZSW3t3Qwvhp0qs84lcVJD2w7nX-HBclroeIDew_bOdqH7K8ntZTf-gDf0aTvqGwdiEpz1UD1xHgpyMXw9dhu2wB9E8MqITIECDnNsrCarhfjJIof1xWmp3Q_3a_lG4dlJdJMUJmqvc-tg_YClbftK_vgLIfwuklay4pLs0BenEB5_zmKNvFW2OjrMSEy8OzfkOdZkSWuSp-fpA
Token: BQBG-hywac-zXiTfKmlSZSW3t3Qwvhp0qs84lcVJD2w7nX-HBclroeIDew_bOdqH7K8ntZTf-gDf0aTvqGwdiEpz1UD1xHgpyMXw9dhu2wB9E8MqITIECDnNsrCarhfjJIof1xWmp3Q_3a_lG4dlJdJMUJmqvc-tg_YClbftK_vgLIfwuklay4pLs0BenEB5_zmKNvFW2OjrMSEy8OzfkOdZkSWuSp-fpA
